{"/home/vizionik/CodeRevAI/app/layout.tsx": {"path":"/home/vizionik/CodeRevAI/app/layout.tsx","all":true,"statementMap":{"1":{"start":{"line":2,"column":0},"end":{"line":2,"column":46}},"2":{"start":{"line":3,"column":0},"end":{"line":3,"column":43}},"3":{"start":{"line":4,"column":0},"end":{"line":4,"column":23}},"6":{"start":{"line":7,"column":0},"end":{"line":7,"column":91}},"7":{"start":{"line":8,"column":0},"end":{"line":8,"column":16}},"8":{"start":{"line":9,"column":0},"end":{"line":9,"column":1}},"10":{"start":{"line":11,"column":0},"end":{"line":11,"column":36}},"11":{"start":{"line":12,"column":0},"end":{"line":12,"column":11}},"12":{"start":{"line":13,"column":0},"end":{"line":13,"column":4}},"14":{"start":{"line":15,"column":0},"end":{"line":15,"column":4}},"15":{"start":{"line":16,"column":0},"end":{"line":16,"column":10}},"16":{"start":{"line":17,"column":0},"end":{"line":17,"column":19}},"17":{"start":{"line":18,"column":0},"end":{"line":18,"column":22}},"18":{"start":{"line":19,"column":0},"end":{"line":19,"column":31}},"19":{"start":{"line":20,"column":0},"end":{"line":20,"column":13}},"20":{"start":{"line":21,"column":0},"end":{"line":21,"column":20}},"22":{"start":{"line":23,"column":0},"end":{"line":23,"column":1}}},"s":{"1":0,"2":0,"3":0,"6":0,"7":0,"8":0,"10":0,"11":0,"12":0,"14":0,"15":0,"16":0,"17":0,"18":0,"19":0,"20":0,"22":0},"branchMap":{"0":{"type":"branch","line":1,"loc":{"start":{"line":1,"column":542},"end":{"line":23,"column":1}},"locations":[{"start":{"line":1,"column":542},"end":{"line":23,"column":1}}]}},"b":{"0":[1]},"fnMap":{"0":{"name":"(empty-report)","decl":{"start":{"line":1,"column":542},"end":{"line":23,"column":1}},"loc":{"start":{"line":1,"column":542},"end":{"line":23,"column":1}},"line":1}},"f":{"0":1}}
,"/home/vizionik/CodeRevAI/app/page.tsx": {"path":"/home/vizionik/CodeRevAI/app/page.tsx","all":true,"statementMap":{"2":{"start":{"line":3,"column":0},"end":{"line":3,"column":29}},"3":{"start":{"line":4,"column":0},"end":{"line":4,"column":75}},"4":{"start":{"line":5,"column":0},"end":{"line":5,"column":57}},"5":{"start":{"line":6,"column":0},"end":{"line":6,"column":44}},"6":{"start":{"line":7,"column":0},"end":{"line":7,"column":45}},"8":{"start":{"line":9,"column":0},"end":{"line":9,"column":39}},"9":{"start":{"line":10,"column":0},"end":{"line":10,"column":35}},"12":{"start":{"line":13,"column":0},"end":{"line":13,"column":28}},"13":{"start":{"line":14,"column":0},"end":{"line":14,"column":39}},"14":{"start":{"line":15,"column":0},"end":{"line":15,"column":4}},"16":{"start":{"line":17,"column":0},"end":{"line":17,"column":68}},"17":{"start":{"line":18,"column":0},"end":{"line":18,"column":22}},"18":{"start":{"line":19,"column":0},"end":{"line":19,"column":49}},"19":{"start":{"line":20,"column":0},"end":{"line":20,"column":13}},"20":{"start":{"line":21,"column":0},"end":{"line":21,"column":5}},"22":{"start":{"line":23,"column":0},"end":{"line":23,"column":19}},"23":{"start":{"line":24,"column":0},"end":{"line":24,"column":82}},"24":{"start":{"line":25,"column":0},"end":{"line":25,"column":62}},"25":{"start":{"line":26,"column":0},"end":{"line":26,"column":13}},"26":{"start":{"line":27,"column":0},"end":{"line":27,"column":5}},"28":{"start":{"line":29,"column":0},"end":{"line":29,"column":44}},"29":{"start":{"line":30,"column":0},"end":{"line":30,"column":4}},"31":{"start":{"line":32,"column":0},"end":{"line":32,"column":10}},"32":{"start":{"line":33,"column":0},"end":{"line":33,"column":60}},"34":{"start":{"line":35,"column":0},"end":{"line":35,"column":45}},"35":{"start":{"line":36,"column":0},"end":{"line":36,"column":103}},"36":{"start":{"line":37,"column":0},"end":{"line":37,"column":51}},"37":{"start":{"line":38,"column":0},"end":{"line":38,"column":142}},"38":{"start":{"line":39,"column":0},"end":{"line":39,"column":125}},"39":{"start":{"line":40,"column":0},"end":{"line":40,"column":18}},"40":{"start":{"line":41,"column":0},"end":{"line":41,"column":140}},"41":{"start":{"line":42,"column":0},"end":{"line":42,"column":16}},"42":{"start":{"line":43,"column":0},"end":{"line":43,"column":51}},"43":{"start":{"line":44,"column":0},"end":{"line":44,"column":23}},"44":{"start":{"line":45,"column":0},"end":{"line":45,"column":41}},"45":{"start":{"line":46,"column":0},"end":{"line":46,"column":134}},"47":{"start":{"line":48,"column":0},"end":{"line":48,"column":25}},"48":{"start":{"line":49,"column":0},"end":{"line":49,"column":29}},"49":{"start":{"line":50,"column":0},"end":{"line":50,"column":24}},"50":{"start":{"line":51,"column":0},"end":{"line":51,"column":22}},"51":{"start":{"line":52,"column":0},"end":{"line":52,"column":38}},"52":{"start":{"line":53,"column":0},"end":{"line":53,"column":134}},"54":{"start":{"line":55,"column":0},"end":{"line":55,"column":25}},"55":{"start":{"line":56,"column":0},"end":{"line":56,"column":21}},"56":{"start":{"line":57,"column":0},"end":{"line":57,"column":23}},"57":{"start":{"line":58,"column":0},"end":{"line":58,"column":16}},"58":{"start":{"line":59,"column":0},"end":{"line":59,"column":14}},"59":{"start":{"line":60,"column":0},"end":{"line":60,"column":12}},"62":{"start":{"line":63,"column":0},"end":{"line":63,"column":81}},"63":{"start":{"line":64,"column":0},"end":{"line":64,"column":55}},"64":{"start":{"line":65,"column":0},"end":{"line":65,"column":139}},"66":{"start":{"line":67,"column":0},"end":{"line":67,"column":15}},"67":{"start":{"line":68,"column":0},"end":{"line":68,"column":64}},"69":{"start":{"line":70,"column":0},"end":{"line":70,"column":14}},"70":{"start":{"line":71,"column":0},"end":{"line":71,"column":74}},"71":{"start":{"line":72,"column":0},"end":{"line":72,"column":23}},"72":{"start":{"line":73,"column":0},"end":{"line":73,"column":41}},"73":{"start":{"line":74,"column":0},"end":{"line":74,"column":152}},"75":{"start":{"line":76,"column":0},"end":{"line":76,"column":25}},"76":{"start":{"line":77,"column":0},"end":{"line":77,"column":29}},"77":{"start":{"line":78,"column":0},"end":{"line":78,"column":24}},"78":{"start":{"line":79,"column":0},"end":{"line":79,"column":22}},"79":{"start":{"line":80,"column":0},"end":{"line":80,"column":38}},"80":{"start":{"line":81,"column":0},"end":{"line":81,"column":152}},"82":{"start":{"line":83,"column":0},"end":{"line":83,"column":25}},"83":{"start":{"line":84,"column":0},"end":{"line":84,"column":21}},"84":{"start":{"line":85,"column":0},"end":{"line":85,"column":23}},"85":{"start":{"line":86,"column":0},"end":{"line":86,"column":32}},"86":{"start":{"line":87,"column":0},"end":{"line":87,"column":136}},"88":{"start":{"line":89,"column":0},"end":{"line":89,"column":23}},"89":{"start":{"line":90,"column":0},"end":{"line":90,"column":16}},"90":{"start":{"line":91,"column":0},"end":{"line":91,"column":16}},"91":{"start":{"line":92,"column":0},"end":{"line":92,"column":14}},"92":{"start":{"line":93,"column":0},"end":{"line":93,"column":16}},"95":{"start":{"line":96,"column":0},"end":{"line":96,"column":59}},"96":{"start":{"line":97,"column":0},"end":{"line":97,"column":64}},"97":{"start":{"line":98,"column":0},"end":{"line":98,"column":85}},"98":{"start":{"line":99,"column":0},"end":{"line":99,"column":68}},"99":{"start":{"line":100,"column":0},"end":{"line":100,"column":56}},"100":{"start":{"line":101,"column":0},"end":{"line":101,"column":104}},"101":{"start":{"line":102,"column":0},"end":{"line":102,"column":141}},"102":{"start":{"line":103,"column":0},"end":{"line":103,"column":300}},"103":{"start":{"line":104,"column":0},"end":{"line":104,"column":22}},"104":{"start":{"line":105,"column":0},"end":{"line":105,"column":20}},"105":{"start":{"line":106,"column":0},"end":{"line":106,"column":81}},"106":{"start":{"line":107,"column":0},"end":{"line":107,"column":131}},"107":{"start":{"line":108,"column":0},"end":{"line":108,"column":18}},"109":{"start":{"line":110,"column":0},"end":{"line":110,"column":56}},"110":{"start":{"line":111,"column":0},"end":{"line":111,"column":104}},"111":{"start":{"line":112,"column":0},"end":{"line":112,"column":141}},"112":{"start":{"line":113,"column":0},"end":{"line":113,"column":118}},"113":{"start":{"line":114,"column":0},"end":{"line":114,"column":22}},"114":{"start":{"line":115,"column":0},"end":{"line":115,"column":20}},"115":{"start":{"line":116,"column":0},"end":{"line":116,"column":78}},"116":{"start":{"line":117,"column":0},"end":{"line":117,"column":108}},"117":{"start":{"line":118,"column":0},"end":{"line":118,"column":18}},"119":{"start":{"line":120,"column":0},"end":{"line":120,"column":56}},"120":{"start":{"line":121,"column":0},"end":{"line":121,"column":102}},"121":{"start":{"line":122,"column":0},"end":{"line":122,"column":141}},"122":{"start":{"line":123,"column":0},"end":{"line":123,"column":192}},"123":{"start":{"line":124,"column":0},"end":{"line":124,"column":22}},"124":{"start":{"line":125,"column":0},"end":{"line":125,"column":20}},"125":{"start":{"line":126,"column":0},"end":{"line":126,"column":78}},"126":{"start":{"line":127,"column":0},"end":{"line":127,"column":133}},"127":{"start":{"line":128,"column":0},"end":{"line":128,"column":18}},"129":{"start":{"line":130,"column":0},"end":{"line":130,"column":56}},"130":{"start":{"line":131,"column":0},"end":{"line":131,"column":103}},"131":{"start":{"line":132,"column":0},"end":{"line":132,"column":141}},"132":{"start":{"line":133,"column":0},"end":{"line":133,"column":208}},"133":{"start":{"line":134,"column":0},"end":{"line":134,"column":22}},"134":{"start":{"line":135,"column":0},"end":{"line":135,"column":20}},"135":{"start":{"line":136,"column":0},"end":{"line":136,"column":78}},"136":{"start":{"line":137,"column":0},"end":{"line":137,"column":116}},"137":{"start":{"line":138,"column":0},"end":{"line":138,"column":18}},"139":{"start":{"line":140,"column":0},"end":{"line":140,"column":56}},"140":{"start":{"line":141,"column":0},"end":{"line":141,"column":102}},"141":{"start":{"line":142,"column":0},"end":{"line":142,"column":141}},"142":{"start":{"line":143,"column":0},"end":{"line":143,"column":284}},"143":{"start":{"line":144,"column":0},"end":{"line":144,"column":22}},"144":{"start":{"line":145,"column":0},"end":{"line":145,"column":20}},"145":{"start":{"line":146,"column":0},"end":{"line":146,"column":81}},"146":{"start":{"line":147,"column":0},"end":{"line":147,"column":137}},"147":{"start":{"line":148,"column":0},"end":{"line":148,"column":18}},"149":{"start":{"line":150,"column":0},"end":{"line":150,"column":56}},"150":{"start":{"line":151,"column":0},"end":{"line":151,"column":104}},"151":{"start":{"line":152,"column":0},"end":{"line":152,"column":141}},"152":{"start":{"line":153,"column":0},"end":{"line":153,"column":227}},"153":{"start":{"line":154,"column":0},"end":{"line":154,"column":22}},"154":{"start":{"line":155,"column":0},"end":{"line":155,"column":20}},"155":{"start":{"line":156,"column":0},"end":{"line":156,"column":78}},"156":{"start":{"line":157,"column":0},"end":{"line":157,"column":117}},"157":{"start":{"line":158,"column":0},"end":{"line":158,"column":18}},"158":{"start":{"line":159,"column":0},"end":{"line":159,"column":16}},"159":{"start":{"line":160,"column":0},"end":{"line":160,"column":14}},"160":{"start":{"line":161,"column":0},"end":{"line":161,"column":16}},"163":{"start":{"line":164,"column":0},"end":{"line":164,"column":46}},"164":{"start":{"line":165,"column":0},"end":{"line":165,"column":64}},"165":{"start":{"line":166,"column":0},"end":{"line":166,"column":94}},"166":{"start":{"line":167,"column":0},"end":{"line":167,"column":105}},"167":{"start":{"line":168,"column":0},"end":{"line":168,"column":71}},"169":{"start":{"line":170,"column":0},"end":{"line":170,"column":79}},"170":{"start":{"line":171,"column":0},"end":{"line":171,"column":63}},"171":{"start":{"line":172,"column":0},"end":{"line":172,"column":36}},"172":{"start":{"line":173,"column":0},"end":{"line":173,"column":62}},"173":{"start":{"line":174,"column":0},"end":{"line":174,"column":61}},"174":{"start":{"line":175,"column":0},"end":{"line":175,"column":20}},"175":{"start":{"line":176,"column":0},"end":{"line":176,"column":45}},"176":{"start":{"line":177,"column":0},"end":{"line":177,"column":50}},"177":{"start":{"line":178,"column":0},"end":{"line":178,"column":117}},"178":{"start":{"line":179,"column":0},"end":{"line":179,"column":108}},"179":{"start":{"line":180,"column":0},"end":{"line":180,"column":24}},"181":{"start":{"line":182,"column":0},"end":{"line":182,"column":21}},"182":{"start":{"line":183,"column":0},"end":{"line":183,"column":50}},"183":{"start":{"line":184,"column":0},"end":{"line":184,"column":117}},"184":{"start":{"line":185,"column":0},"end":{"line":185,"column":108}},"185":{"start":{"line":186,"column":0},"end":{"line":186,"column":24}},"187":{"start":{"line":188,"column":0},"end":{"line":188,"column":21}},"188":{"start":{"line":189,"column":0},"end":{"line":189,"column":50}},"189":{"start":{"line":190,"column":0},"end":{"line":190,"column":117}},"190":{"start":{"line":191,"column":0},"end":{"line":191,"column":108}},"191":{"start":{"line":192,"column":0},"end":{"line":192,"column":24}},"193":{"start":{"line":194,"column":0},"end":{"line":194,"column":21}},"194":{"start":{"line":195,"column":0},"end":{"line":195,"column":50}},"195":{"start":{"line":196,"column":0},"end":{"line":196,"column":117}},"196":{"start":{"line":197,"column":0},"end":{"line":197,"column":108}},"197":{"start":{"line":198,"column":0},"end":{"line":198,"column":24}},"199":{"start":{"line":200,"column":0},"end":{"line":200,"column":21}},"200":{"start":{"line":201,"column":0},"end":{"line":201,"column":19}},"201":{"start":{"line":202,"column":0},"end":{"line":202,"column":25}},"202":{"start":{"line":203,"column":0},"end":{"line":203,"column":43}},"203":{"start":{"line":204,"column":0},"end":{"line":204,"column":139}},"205":{"start":{"line":206,"column":0},"end":{"line":206,"column":27}},"206":{"start":{"line":207,"column":0},"end":{"line":207,"column":31}},"207":{"start":{"line":208,"column":0},"end":{"line":208,"column":26}},"208":{"start":{"line":209,"column":0},"end":{"line":209,"column":24}},"209":{"start":{"line":210,"column":0},"end":{"line":210,"column":40}},"210":{"start":{"line":211,"column":0},"end":{"line":211,"column":139}},"212":{"start":{"line":213,"column":0},"end":{"line":213,"column":27}},"213":{"start":{"line":214,"column":0},"end":{"line":214,"column":23}},"214":{"start":{"line":215,"column":0},"end":{"line":215,"column":25}},"215":{"start":{"line":216,"column":0},"end":{"line":216,"column":18}},"218":{"start":{"line":219,"column":0},"end":{"line":219,"column":121}},"219":{"start":{"line":220,"column":0},"end":{"line":220,"column":118}},"221":{"start":{"line":222,"column":0},"end":{"line":222,"column":20}},"222":{"start":{"line":223,"column":0},"end":{"line":223,"column":62}},"223":{"start":{"line":224,"column":0},"end":{"line":224,"column":36}},"224":{"start":{"line":225,"column":0},"end":{"line":225,"column":66}},"225":{"start":{"line":226,"column":0},"end":{"line":226,"column":61}},"226":{"start":{"line":227,"column":0},"end":{"line":227,"column":20}},"227":{"start":{"line":228,"column":0},"end":{"line":228,"column":45}},"228":{"start":{"line":229,"column":0},"end":{"line":229,"column":50}},"229":{"start":{"line":230,"column":0},"end":{"line":230,"column":113}},"230":{"start":{"line":231,"column":0},"end":{"line":231,"column":108}},"231":{"start":{"line":232,"column":0},"end":{"line":232,"column":24}},"233":{"start":{"line":234,"column":0},"end":{"line":234,"column":21}},"234":{"start":{"line":235,"column":0},"end":{"line":235,"column":50}},"235":{"start":{"line":236,"column":0},"end":{"line":236,"column":113}},"236":{"start":{"line":237,"column":0},"end":{"line":237,"column":108}},"237":{"start":{"line":238,"column":0},"end":{"line":238,"column":24}},"239":{"start":{"line":240,"column":0},"end":{"line":240,"column":21}},"240":{"start":{"line":241,"column":0},"end":{"line":241,"column":50}},"241":{"start":{"line":242,"column":0},"end":{"line":242,"column":113}},"242":{"start":{"line":243,"column":0},"end":{"line":243,"column":108}},"243":{"start":{"line":244,"column":0},"end":{"line":244,"column":24}},"245":{"start":{"line":246,"column":0},"end":{"line":246,"column":21}},"246":{"start":{"line":247,"column":0},"end":{"line":247,"column":50}},"247":{"start":{"line":248,"column":0},"end":{"line":248,"column":113}},"248":{"start":{"line":249,"column":0},"end":{"line":249,"column":108}},"249":{"start":{"line":250,"column":0},"end":{"line":250,"column":24}},"251":{"start":{"line":252,"column":0},"end":{"line":252,"column":21}},"252":{"start":{"line":253,"column":0},"end":{"line":253,"column":50}},"253":{"start":{"line":254,"column":0},"end":{"line":254,"column":113}},"254":{"start":{"line":255,"column":0},"end":{"line":255,"column":108}},"255":{"start":{"line":256,"column":0},"end":{"line":256,"column":24}},"257":{"start":{"line":258,"column":0},"end":{"line":258,"column":21}},"258":{"start":{"line":259,"column":0},"end":{"line":259,"column":19}},"259":{"start":{"line":260,"column":0},"end":{"line":260,"column":25}},"260":{"start":{"line":261,"column":0},"end":{"line":261,"column":43}},"261":{"start":{"line":262,"column":0},"end":{"line":262,"column":141}},"263":{"start":{"line":264,"column":0},"end":{"line":264,"column":27}},"264":{"start":{"line":265,"column":0},"end":{"line":265,"column":31}},"265":{"start":{"line":266,"column":0},"end":{"line":266,"column":26}},"266":{"start":{"line":267,"column":0},"end":{"line":267,"column":24}},"267":{"start":{"line":268,"column":0},"end":{"line":268,"column":24}},"268":{"start":{"line":269,"column":0},"end":{"line":269,"column":78}},"269":{"start":{"line":270,"column":0},"end":{"line":270,"column":132}},"270":{"start":{"line":271,"column":0},"end":{"line":271,"column":17}},"272":{"start":{"line":273,"column":0},"end":{"line":273,"column":25}},"273":{"start":{"line":274,"column":0},"end":{"line":274,"column":25}},"274":{"start":{"line":275,"column":0},"end":{"line":275,"column":18}},"277":{"start":{"line":278,"column":0},"end":{"line":278,"column":79}},"278":{"start":{"line":279,"column":0},"end":{"line":279,"column":69}},"279":{"start":{"line":280,"column":0},"end":{"line":280,"column":36}},"280":{"start":{"line":281,"column":0},"end":{"line":281,"column":66}},"281":{"start":{"line":282,"column":0},"end":{"line":282,"column":20}},"282":{"start":{"line":283,"column":0},"end":{"line":283,"column":45}},"283":{"start":{"line":284,"column":0},"end":{"line":284,"column":50}},"284":{"start":{"line":285,"column":0},"end":{"line":285,"column":117}},"285":{"start":{"line":286,"column":0},"end":{"line":286,"column":108}},"286":{"start":{"line":287,"column":0},"end":{"line":287,"column":24}},"288":{"start":{"line":289,"column":0},"end":{"line":289,"column":21}},"289":{"start":{"line":290,"column":0},"end":{"line":290,"column":50}},"290":{"start":{"line":291,"column":0},"end":{"line":291,"column":117}},"291":{"start":{"line":292,"column":0},"end":{"line":292,"column":108}},"292":{"start":{"line":293,"column":0},"end":{"line":293,"column":24}},"294":{"start":{"line":295,"column":0},"end":{"line":295,"column":21}},"295":{"start":{"line":296,"column":0},"end":{"line":296,"column":50}},"296":{"start":{"line":297,"column":0},"end":{"line":297,"column":117}},"297":{"start":{"line":298,"column":0},"end":{"line":298,"column":108}},"298":{"start":{"line":299,"column":0},"end":{"line":299,"column":24}},"300":{"start":{"line":301,"column":0},"end":{"line":301,"column":21}},"301":{"start":{"line":302,"column":0},"end":{"line":302,"column":50}},"302":{"start":{"line":303,"column":0},"end":{"line":303,"column":117}},"303":{"start":{"line":304,"column":0},"end":{"line":304,"column":108}},"304":{"start":{"line":305,"column":0},"end":{"line":305,"column":24}},"306":{"start":{"line":307,"column":0},"end":{"line":307,"column":21}},"307":{"start":{"line":308,"column":0},"end":{"line":308,"column":50}},"308":{"start":{"line":309,"column":0},"end":{"line":309,"column":117}},"309":{"start":{"line":310,"column":0},"end":{"line":310,"column":108}},"310":{"start":{"line":311,"column":0},"end":{"line":311,"column":24}},"312":{"start":{"line":313,"column":0},"end":{"line":313,"column":21}},"313":{"start":{"line":314,"column":0},"end":{"line":314,"column":19}},"314":{"start":{"line":315,"column":0},"end":{"line":315,"column":135}},"316":{"start":{"line":317,"column":0},"end":{"line":317,"column":23}},"317":{"start":{"line":318,"column":0},"end":{"line":318,"column":18}},"318":{"start":{"line":319,"column":0},"end":{"line":319,"column":16}},"319":{"start":{"line":320,"column":0},"end":{"line":320,"column":14}},"320":{"start":{"line":321,"column":0},"end":{"line":321,"column":16}},"323":{"start":{"line":324,"column":0},"end":{"line":324,"column":80}},"324":{"start":{"line":325,"column":0},"end":{"line":325,"column":76}},"325":{"start":{"line":326,"column":0},"end":{"line":326,"column":90}},"326":{"start":{"line":327,"column":0},"end":{"line":327,"column":52}},"328":{"start":{"line":329,"column":0},"end":{"line":329,"column":14}},"329":{"start":{"line":330,"column":0},"end":{"line":330,"column":74}},"330":{"start":{"line":331,"column":0},"end":{"line":331,"column":23}},"331":{"start":{"line":332,"column":0},"end":{"line":332,"column":41}},"332":{"start":{"line":333,"column":0},"end":{"line":333,"column":150}},"334":{"start":{"line":335,"column":0},"end":{"line":335,"column":25}},"335":{"start":{"line":336,"column":0},"end":{"line":336,"column":29}},"336":{"start":{"line":337,"column":0},"end":{"line":337,"column":24}},"337":{"start":{"line":338,"column":0},"end":{"line":338,"column":22}},"338":{"start":{"line":339,"column":0},"end":{"line":339,"column":38}},"339":{"start":{"line":340,"column":0},"end":{"line":340,"column":150}},"341":{"start":{"line":342,"column":0},"end":{"line":342,"column":25}},"342":{"start":{"line":343,"column":0},"end":{"line":343,"column":21}},"343":{"start":{"line":344,"column":0},"end":{"line":344,"column":23}},"344":{"start":{"line":345,"column":0},"end":{"line":345,"column":16}},"345":{"start":{"line":346,"column":0},"end":{"line":346,"column":14}},"346":{"start":{"line":347,"column":0},"end":{"line":347,"column":16}},"349":{"start":{"line":350,"column":0},"end":{"line":350,"column":43}},"350":{"start":{"line":351,"column":0},"end":{"line":351,"column":90}},"351":{"start":{"line":352,"column":0},"end":{"line":352,"column":62}},"352":{"start":{"line":353,"column":0},"end":{"line":353,"column":14}},"353":{"start":{"line":354,"column":0},"end":{"line":354,"column":15}},"354":{"start":{"line":355,"column":0},"end":{"line":355,"column":10}},"356":{"start":{"line":357,"column":0},"end":{"line":357,"column":1}}},"s":{"2":0,"3":0,"4":0,"5":0,"6":0,"8":0,"9":0,"12":0,"13":0,"14":0,"16":0,"17":0,"18":0,"19":0,"20":0,"22":0,"23":0,"24":0,"25":0,"26":0,"28":0,"29":0,"31":0,"32":0,"34":0,"35":0,"36":0,"37":0,"38":0,"39":0,"40":0,"41":0,"42":0,"43":0,"44":0,"45":0,"47":0,"48":0,"49":0,"50":0,"51":0,"52":0,"54":0,"55":0,"56":0,"57":0,"58":0,"59":0,"62":0,"63":0,"64":0,"66":0,"67":0,"69":0,"70":0,"71":0,"72":0,"73":0,"75":0,"76":0,"77":0,"78":0,"79":0,"80":0,"82":0,"83":0,"84":0,"85":0,"86":0,"88":0,"89":0,"90":0,"91":0,"92":0,"95":0,"96":0,"97":0,"98":0,"99":0,"100":0,"101":0,"102":0,"103":0,"104":0,"105":0,"106":0,"107":0,"109":0,"110":0,"111":0,"112":0,"113":0,"114":0,"115":0,"116":0,"117":0,"119":0,"120":0,"121":0,"122":0,"123":0,"124":0,"125":0,"126":0,"127":0,"129":0,"130":0,"131":0,"132":0,"133":0,"134":0,"135":0,"136":0,"137":0,"139":0,"140":0,"141":0,"142":0,"143":0,"144":0,"145":0,"146":0,"147":0,"149":0,"150":0,"151":0,"152":0,"153":0,"154":0,"155":0,"156":0,"157":0,"158":0,"159":0,"160":0,"163":0,"164":0,"165":0,"166":0,"167":0,"169":0,"170":0,"171":0,"172":0,"173":0,"174":0,"175":0,"176":0,"177":0,"178":0,"179":0,"181":0,"182":0,"183":0,"184":0,"185":0,"187":0,"188":0,"189":0,"190":0,"191":0,"193":0,"194":0,"195":0,"196":0,"197":0,"199":0,"200":0,"201":0,"202":0,"203":0,"205":0,"206":0,"207":0,"208":0,"209":0,"210":0,"212":0,"213":0,"214":0,"215":0,"218":0,"219":0,"221":0,"222":0,"223":0,"224":0,"225":0,"226":0,"227":0,"228":0,"229":0,"230":0,"231":0,"233":0,"234":0,"235":0,"236":0,"237":0,"239":0,"240":0,"241":0,"242":0,"243":0,"245":0,"246":0,"247":0,"248":0,"249":0,"251":0,"252":0,"253":0,"254":0,"255":0,"257":0,"258":0,"259":0,"260":0,"261":0,"263":0,"264":0,"265":0,"266":0,"267":0,"268":0,"269":0,"270":0,"272":0,"273":0,"274":0,"277":0,"278":0,"279":0,"280":0,"281":0,"282":0,"283":0,"284":0,"285":0,"286":0,"288":0,"289":0,"290":0,"291":0,"292":0,"294":0,"295":0,"296":0,"297":0,"298":0,"300":0,"301":0,"302":0,"303":0,"304":0,"306":0,"307":0,"308":0,"309":0,"310":0,"312":0,"313":0,"314":0,"316":0,"317":0,"318":0,"319":0,"320":0,"323":0,"324":0,"325":0,"326":0,"328":0,"329":0,"330":0,"331":0,"332":0,"334":0,"335":0,"336":0,"337":0,"338":0,"339":0,"341":0,"342":0,"343":0,"344":0,"345":0,"346":0,"349":0,"350":0,"351":0,"352":0,"353":0,"354":0,"356":0},"branchMap":{"0":{"type":"branch","line":1,"loc":{"start":{"line":1,"column":19101},"end":{"line":357,"column":1}},"locations":[{"start":{"line":1,"column":19101},"end":{"line":357,"column":1}}]}},"b":{"0":[1]},"fnMap":{"0":{"name":"(empty-report)","decl":{"start":{"line":1,"column":19101},"end":{"line":357,"column":1}},"loc":{"start":{"line":1,"column":19101},"end":{"line":357,"column":1}},"line":1}},"f":{"0":1}}
,"/home/vizionik/CodeRevAI/app/api/create-checkout-session/route.ts": {"path":"/home/vizionik/CodeRevAI/app/api/create-checkout-session/route.ts","all":true,"statementMap":{"0":{"start":{"line":1,"column":0},"end":{"line":1,"column":56}},"1":{"start":{"line":2,"column":0},"end":{"line":2,"column":44}},"2":{"start":{"line":3,"column":0},"end":{"line":3,"column":51}},"3":{"start":{"line":4,"column":0},"end":{"line":4,"column":44}},"4":{"start":{"line":5,"column":0},"end":{"line":5,"column":67}},"6":{"start":{"line":7,"column":0},"end":{"line":7,"column":46}},"7":{"start":{"line":8,"column":0},"end":{"line":8,"column":7}},"8":{"start":{"line":9,"column":0},"end":{"line":9,"column":36}},"10":{"start":{"line":11,"column":0},"end":{"line":11,"column":18}},"11":{"start":{"line":12,"column":0},"end":{"line":12,"column":76}},"12":{"start":{"line":13,"column":0},"end":{"line":13,"column":31}},"13":{"start":{"line":14,"column":0},"end":{"line":14,"column":35}},"14":{"start":{"line":15,"column":0},"end":{"line":15,"column":23}},"15":{"start":{"line":16,"column":0},"end":{"line":16,"column":8}},"16":{"start":{"line":17,"column":0},"end":{"line":17,"column":5}},"18":{"start":{"line":19,"column":0},"end":{"line":19,"column":47}},"20":{"start":{"line":21,"column":0},"end":{"line":21,"column":19}},"21":{"start":{"line":22,"column":0},"end":{"line":22,"column":74}},"22":{"start":{"line":23,"column":0},"end":{"line":23,"column":31}},"23":{"start":{"line":24,"column":0},"end":{"line":24,"column":35}},"24":{"start":{"line":25,"column":0},"end":{"line":25,"column":23}},"25":{"start":{"line":26,"column":0},"end":{"line":26,"column":8}},"26":{"start":{"line":27,"column":0},"end":{"line":27,"column":5}},"28":{"start":{"line":29,"column":0},"end":{"line":29,"column":39}},"31":{"start":{"line":32,"column":0},"end":{"line":32,"column":67}},"32":{"start":{"line":33,"column":0},"end":{"line":33,"column":27}},"33":{"start":{"line":34,"column":0},"end":{"line":34,"column":37}},"34":{"start":{"line":35,"column":0},"end":{"line":35,"column":19}},"35":{"start":{"line":36,"column":0},"end":{"line":36,"column":9}},"36":{"start":{"line":37,"column":0},"end":{"line":37,"column":25}},"37":{"start":{"line":38,"column":0},"end":{"line":38,"column":22}},"38":{"start":{"line":39,"column":0},"end":{"line":39,"column":10}},"39":{"start":{"line":40,"column":0},"end":{"line":40,"column":8}},"40":{"start":{"line":41,"column":0},"end":{"line":41,"column":93}},"41":{"start":{"line":42,"column":0},"end":{"line":42,"column":64}},"42":{"start":{"line":43,"column":0},"end":{"line":43,"column":17}},"43":{"start":{"line":44,"column":0},"end":{"line":44,"column":15}},"44":{"start":{"line":45,"column":0},"end":{"line":45,"column":13}},"45":{"start":{"line":46,"column":0},"end":{"line":46,"column":8}},"46":{"start":{"line":47,"column":0},"end":{"line":47,"column":26}},"47":{"start":{"line":48,"column":0},"end":{"line":48,"column":19}},"48":{"start":{"line":49,"column":0},"end":{"line":49,"column":17}},"49":{"start":{"line":50,"column":0},"end":{"line":50,"column":15}},"50":{"start":{"line":51,"column":0},"end":{"line":51,"column":10}},"51":{"start":{"line":52,"column":0},"end":{"line":52,"column":8}},"52":{"start":{"line":53,"column":0},"end":{"line":53,"column":7}},"55":{"start":{"line":56,"column":0},"end":{"line":56,"column":51}},"56":{"start":{"line":57,"column":0},"end":{"line":57,"column":28}},"57":{"start":{"line":58,"column":0},"end":{"line":58,"column":60}},"59":{"start":{"line":60,"column":0},"end":{"line":60,"column":65}},"60":{"start":{"line":61,"column":0},"end":{"line":61,"column":29}},"61":{"start":{"line":62,"column":0},"end":{"line":62,"column":15}},"62":{"start":{"line":63,"column":0},"end":{"line":63,"column":21}},"63":{"start":{"line":64,"column":0},"end":{"line":64,"column":6}},"64":{"start":{"line":65,"column":0},"end":{"line":65,"column":3}},"65":{"start":{"line":66,"column":0},"end":{"line":66,"column":1}}},"s":{"0":0,"1":0,"2":0,"3":0,"4":0,"6":0,"7":0,"8":0,"10":0,"11":0,"12":0,"13":0,"14":0,"15":0,"16":0,"18":0,"20":0,"21":0,"22":0,"23":0,"24":0,"25":0,"26":0,"28":0,"31":0,"32":0,"33":0,"34":0,"35":0,"36":0,"37":0,"38":0,"39":0,"40":0,"41":0,"42":0,"43":0,"44":0,"45":0,"46":0,"47":0,"48":0,"49":0,"50":0,"51":0,"52":0,"55":0,"56":0,"57":0,"59":0,"60":0,"61":0,"62":0,"63":0,"64":0,"65":0},"branchMap":{"0":{"type":"branch","line":1,"loc":{"start":{"line":1,"column":1821},"end":{"line":66,"column":1}},"locations":[{"start":{"line":1,"column":1821},"end":{"line":66,"column":1}}]}},"b":{"0":[0]},"fnMap":{"0":{"name":"(empty-report)","decl":{"start":{"line":1,"column":1821},"end":{"line":66,"column":1}},"loc":{"start":{"line":1,"column":1821},"end":{"line":66,"column":1}},"line":1}},"f":{"0":0}}
,"/home/vizionik/CodeRevAI/app/api/generate-diff/route.ts": {"path":"/home/vizionik/CodeRevAI/app/api/generate-diff/route.ts","all":true,"statementMap":{"0":{"start":{"line":1,"column":0},"end":{"line":1,"column":56}},"1":{"start":{"line":2,"column":0},"end":{"line":2,"column":44}},"2":{"start":{"line":3,"column":0},"end":{"line":3,"column":8}},"7":{"start":{"line":8,"column":0},"end":{"line":8,"column":56}},"8":{"start":{"line":9,"column":0},"end":{"line":9,"column":59}},"9":{"start":{"line":10,"column":0},"end":{"line":10,"column":53}},"10":{"start":{"line":11,"column":0},"end":{"line":11,"column":44}},"11":{"start":{"line":12,"column":0},"end":{"line":12,"column":67}},"13":{"start":{"line":14,"column":0},"end":{"line":14,"column":42}},"14":{"start":{"line":15,"column":0},"end":{"line":15,"column":7}},"16":{"start":{"line":17,"column":0},"end":{"line":17,"column":36}},"18":{"start":{"line":19,"column":0},"end":{"line":19,"column":18}},"19":{"start":{"line":20,"column":0},"end":{"line":20,"column":76}},"20":{"start":{"line":21,"column":0},"end":{"line":21,"column":31}},"21":{"start":{"line":22,"column":0},"end":{"line":22,"column":35}},"22":{"start":{"line":23,"column":0},"end":{"line":23,"column":23}},"23":{"start":{"line":24,"column":0},"end":{"line":24,"column":8}},"24":{"start":{"line":25,"column":0},"end":{"line":25,"column":5}},"27":{"start":{"line":28,"column":0},"end":{"line":28,"column":92}},"29":{"start":{"line":30,"column":0},"end":{"line":30,"column":29}},"31":{"start":{"line":32,"column":0},"end":{"line":32,"column":34}},"32":{"start":{"line":33,"column":0},"end":{"line":33,"column":35}},"33":{"start":{"line":34,"column":0},"end":{"line":34,"column":32}},"34":{"start":{"line":35,"column":0},"end":{"line":35,"column":94}},"35":{"start":{"line":36,"column":0},"end":{"line":36,"column":33}},"36":{"start":{"line":37,"column":0},"end":{"line":37,"column":14}},"37":{"start":{"line":38,"column":0},"end":{"line":38,"column":10}},"38":{"start":{"line":39,"column":0},"end":{"line":39,"column":33}},"39":{"start":{"line":40,"column":0},"end":{"line":40,"column":37}},"40":{"start":{"line":41,"column":0},"end":{"line":41,"column":25}},"41":{"start":{"line":42,"column":0},"end":{"line":42,"column":10}},"42":{"start":{"line":43,"column":0},"end":{"line":43,"column":7}},"44":{"start":{"line":45,"column":0},"end":{"line":45,"column":33}},"45":{"start":{"line":46,"column":0},"end":{"line":46,"column":30}},"46":{"start":{"line":47,"column":0},"end":{"line":47,"column":55}},"47":{"start":{"line":48,"column":0},"end":{"line":48,"column":18}},"48":{"start":{"line":49,"column":0},"end":{"line":49,"column":12}},"49":{"start":{"line":50,"column":0},"end":{"line":50,"column":8}},"50":{"start":{"line":51,"column":0},"end":{"line":51,"column":31}},"51":{"start":{"line":52,"column":0},"end":{"line":52,"column":35}},"52":{"start":{"line":53,"column":0},"end":{"line":53,"column":10}},"53":{"start":{"line":54,"column":0},"end":{"line":54,"column":22}},"54":{"start":{"line":55,"column":0},"end":{"line":55,"column":20}},"55":{"start":{"line":56,"column":0},"end":{"line":56,"column":38}},"56":{"start":{"line":57,"column":0},"end":{"line":57,"column":41}},"57":{"start":{"line":58,"column":0},"end":{"line":58,"column":77}},"58":{"start":{"line":59,"column":0},"end":{"line":59,"column":11}},"59":{"start":{"line":60,"column":0},"end":{"line":60,"column":9}},"60":{"start":{"line":61,"column":0},"end":{"line":61,"column":8}},"61":{"start":{"line":62,"column":0},"end":{"line":62,"column":5}},"64":{"start":{"line":65,"column":0},"end":{"line":65,"column":66}},"67":{"start":{"line":68,"column":0},"end":{"line":68,"column":59}},"68":{"start":{"line":69,"column":0},"end":{"line":69,"column":32}},"69":{"start":{"line":70,"column":0},"end":{"line":70,"column":96}},"70":{"start":{"line":71,"column":0},"end":{"line":71,"column":31}},"71":{"start":{"line":72,"column":0},"end":{"line":72,"column":35}},"72":{"start":{"line":73,"column":0},"end":{"line":73,"column":23}},"73":{"start":{"line":74,"column":0},"end":{"line":74,"column":8}},"74":{"start":{"line":75,"column":0},"end":{"line":75,"column":5}},"76":{"start":{"line":77,"column":0},"end":{"line":77,"column":58}},"77":{"start":{"line":78,"column":0},"end":{"line":78,"column":36}},"78":{"start":{"line":79,"column":0},"end":{"line":79,"column":98}},"79":{"start":{"line":80,"column":0},"end":{"line":80,"column":31}},"80":{"start":{"line":81,"column":0},"end":{"line":81,"column":35}},"81":{"start":{"line":82,"column":0},"end":{"line":82,"column":23}},"82":{"start":{"line":83,"column":0},"end":{"line":83,"column":8}},"83":{"start":{"line":84,"column":0},"end":{"line":84,"column":5}},"85":{"start":{"line":86,"column":0},"end":{"line":86,"column":52}},"86":{"start":{"line":87,"column":0},"end":{"line":87,"column":74}},"87":{"start":{"line":88,"column":0},"end":{"line":88,"column":31}},"88":{"start":{"line":89,"column":0},"end":{"line":89,"column":35}},"89":{"start":{"line":90,"column":0},"end":{"line":90,"column":23}},"90":{"start":{"line":91,"column":0},"end":{"line":91,"column":8}},"91":{"start":{"line":92,"column":0},"end":{"line":92,"column":5}},"93":{"start":{"line":94,"column":0},"end":{"line":94,"column":34}},"94":{"start":{"line":95,"column":0},"end":{"line":95,"column":31}},"95":{"start":{"line":96,"column":0},"end":{"line":96,"column":43}},"96":{"start":{"line":97,"column":0},"end":{"line":97,"column":23}},"97":{"start":{"line":98,"column":0},"end":{"line":98,"column":8}},"98":{"start":{"line":99,"column":0},"end":{"line":99,"column":5}},"101":{"start":{"line":102,"column":0},"end":{"line":102,"column":54}},"102":{"start":{"line":103,"column":0},"end":{"line":103,"column":54}},"103":{"start":{"line":104,"column":0},"end":{"line":104,"column":54}},"106":{"start":{"line":107,"column":0},"end":{"line":107,"column":20}},"110":{"start":{"line":111,"column":0},"end":{"line":111,"column":57}},"118":{"start":{"line":119,"column":0},"end":{"line":119,"column":26}},"119":{"start":{"line":120,"column":0},"end":{"line":120,"column":16}},"123":{"start":{"line":124,"column":0},"end":{"line":124,"column":20}},"130":{"start":{"line":131,"column":0},"end":{"line":131,"column":37}},"132":{"start":{"line":133,"column":0},"end":{"line":133,"column":62}},"133":{"start":{"line":134,"column":0},"end":{"line":134,"column":32}},"134":{"start":{"line":135,"column":0},"end":{"line":135,"column":23}},"135":{"start":{"line":136,"column":0},"end":{"line":136,"column":7}},"137":{"start":{"line":138,"column":0},"end":{"line":138,"column":43}},"140":{"start":{"line":141,"column":0},"end":{"line":141,"column":72}},"142":{"start":{"line":143,"column":0},"end":{"line":143,"column":29}},"143":{"start":{"line":144,"column":0},"end":{"line":144,"column":44}},"144":{"start":{"line":145,"column":0},"end":{"line":145,"column":7}},"145":{"start":{"line":146,"column":0},"end":{"line":146,"column":18}},"146":{"start":{"line":147,"column":0},"end":{"line":147,"column":36}},"147":{"start":{"line":148,"column":0},"end":{"line":148,"column":66}},"148":{"start":{"line":149,"column":0},"end":{"line":149,"column":75}},"149":{"start":{"line":150,"column":0},"end":{"line":150,"column":9}},"150":{"start":{"line":151,"column":0},"end":{"line":151,"column":7}},"151":{"start":{"line":152,"column":0},"end":{"line":152,"column":6}},"152":{"start":{"line":153,"column":0},"end":{"line":153,"column":28}},"153":{"start":{"line":154,"column":0},"end":{"line":154,"column":55}},"155":{"start":{"line":156,"column":0},"end":{"line":156,"column":68}},"156":{"start":{"line":157,"column":0},"end":{"line":157,"column":98}},"158":{"start":{"line":159,"column":0},"end":{"line":159,"column":29}},"159":{"start":{"line":160,"column":0},"end":{"line":160,"column":15}},"160":{"start":{"line":161,"column":0},"end":{"line":161,"column":28}},"161":{"start":{"line":162,"column":0},"end":{"line":162,"column":6}},"162":{"start":{"line":163,"column":0},"end":{"line":163,"column":3}},"163":{"start":{"line":164,"column":0},"end":{"line":164,"column":1}}},"s":{"0":0,"1":0,"2":0,"7":0,"8":0,"9":0,"10":0,"11":0,"13":0,"14":0,"16":0,"18":0,"19":0,"20":0,"21":0,"22":0,"23":0,"24":0,"27":0,"29":0,"31":0,"32":0,"33":0,"34":0,"35":0,"36":0,"37":0,"38":0,"39":0,"40":0,"41":0,"42":0,"44":0,"45":0,"46":0,"47":0,"48":0,"49":0,"50":0,"51":0,"52":0,"53":0,"54":0,"55":0,"56":0,"57":0,"58":0,"59":0,"60":0,"61":0,"64":0,"67":0,"68":0,"69":0,"70":0,"71":0,"72":0,"73":0,"74":0,"76":0,"77":0,"78":0,"79":0,"80":0,"81":0,"82":0,"83":0,"85":0,"86":0,"87":0,"88":0,"89":0,"90":0,"91":0,"93":0,"94":0,"95":0,"96":0,"97":0,"98":0,"101":0,"102":0,"103":0,"106":0,"110":0,"118":0,"119":0,"123":0,"130":0,"132":0,"133":0,"134":0,"135":0,"137":0,"140":0,"142":0,"143":0,"144":0,"145":0,"146":0,"147":0,"148":0,"149":0,"150":0,"151":0,"152":0,"153":0,"155":0,"156":0,"158":0,"159":0,"160":0,"161":0,"162":0,"163":0},"branchMap":{"0":{"type":"branch","line":1,"loc":{"start":{"line":1,"column":5028},"end":{"line":164,"column":1}},"locations":[{"start":{"line":1,"column":5028},"end":{"line":164,"column":1}}]}},"b":{"0":[0]},"fnMap":{"0":{"name":"(empty-report)","decl":{"start":{"line":1,"column":5028},"end":{"line":164,"column":1}},"loc":{"start":{"line":1,"column":5028},"end":{"line":164,"column":1}},"line":1}},"f":{"0":0}}
,"/home/vizionik/CodeRevAI/app/api/health/route.ts": {"path":"/home/vizionik/CodeRevAI/app/api/health/route.ts","all":true,"statementMap":{"0":{"start":{"line":1,"column":0},"end":{"line":1,"column":56}},"1":{"start":{"line":2,"column":0},"end":{"line":2,"column":42}},"2":{"start":{"line":3,"column":0},"end":{"line":3,"column":70}},"3":{"start":{"line":4,"column":0},"end":{"line":4,"column":44}},"17":{"start":{"line":18,"column":0},"end":{"line":18,"column":49}},"18":{"start":{"line":19,"column":0},"end":{"line":19,"column":74}},"19":{"start":{"line":20,"column":0},"end":{"line":20,"column":31}},"21":{"start":{"line":22,"column":0},"end":{"line":22,"column":57}},"23":{"start":{"line":24,"column":0},"end":{"line":24,"column":18}},"24":{"start":{"line":25,"column":0},"end":{"line":25,"column":62}},"25":{"start":{"line":26,"column":0},"end":{"line":26,"column":40}},"26":{"start":{"line":27,"column":0},"end":{"line":27,"column":56}},"27":{"start":{"line":28,"column":0},"end":{"line":28,"column":29}},"28":{"start":{"line":29,"column":0},"end":{"line":29,"column":13}},"29":{"start":{"line":30,"column":0},"end":{"line":30,"column":17}},"30":{"start":{"line":31,"column":0},"end":{"line":31,"column":55}},"31":{"start":{"line":32,"column":0},"end":{"line":32,"column":19}},"32":{"start":{"line":33,"column":0},"end":{"line":33,"column":46}},"33":{"start":{"line":34,"column":0},"end":{"line":34,"column":8}},"34":{"start":{"line":35,"column":0},"end":{"line":35,"column":14}},"35":{"start":{"line":36,"column":0},"end":{"line":36,"column":55}},"36":{"start":{"line":37,"column":0},"end":{"line":37,"column":19}},"37":{"start":{"line":38,"column":0},"end":{"line":38,"column":51}},"38":{"start":{"line":39,"column":0},"end":{"line":39,"column":46}},"39":{"start":{"line":40,"column":0},"end":{"line":40,"column":7}},"40":{"start":{"line":41,"column":0},"end":{"line":41,"column":5}},"41":{"start":{"line":42,"column":0},"end":{"line":42,"column":4}},"44":{"start":{"line":45,"column":0},"end":{"line":45,"column":7}},"45":{"start":{"line":46,"column":0},"end":{"line":46,"column":31}},"46":{"start":{"line":47,"column":0},"end":{"line":47,"column":37}},"47":{"start":{"line":48,"column":0},"end":{"line":48,"column":41}},"48":{"start":{"line":49,"column":0},"end":{"line":49,"column":58}},"49":{"start":{"line":50,"column":0},"end":{"line":50,"column":50}},"50":{"start":{"line":51,"column":0},"end":{"line":51,"column":52}},"51":{"start":{"line":52,"column":0},"end":{"line":52,"column":18}},"52":{"start":{"line":53,"column":0},"end":{"line":53,"column":19}},"53":{"start":{"line":54,"column":0},"end":{"line":54,"column":43}},"54":{"start":{"line":55,"column":0},"end":{"line":55,"column":92}},"55":{"start":{"line":56,"column":0},"end":{"line":56,"column":32}},"56":{"start":{"line":57,"column":0},"end":{"line":57,"column":67}},"57":{"start":{"line":58,"column":0},"end":{"line":58,"column":3}},"60":{"start":{"line":61,"column":0},"end":{"line":61,"column":7}},"61":{"start":{"line":62,"column":0},"end":{"line":62,"column":34}},"62":{"start":{"line":63,"column":0},"end":{"line":63,"column":43}},"63":{"start":{"line":64,"column":0},"end":{"line":64,"column":29}},"66":{"start":{"line":67,"column":0},"end":{"line":67,"column":46}},"67":{"start":{"line":68,"column":0},"end":{"line":68,"column":44}},"69":{"start":{"line":70,"column":0},"end":{"line":70,"column":26}},"70":{"start":{"line":71,"column":0},"end":{"line":71,"column":40}},"71":{"start":{"line":72,"column":0},"end":{"line":72,"column":60}},"72":{"start":{"line":73,"column":0},"end":{"line":73,"column":49}},"73":{"start":{"line":74,"column":0},"end":{"line":74,"column":52}},"74":{"start":{"line":75,"column":0},"end":{"line":75,"column":58}},"75":{"start":{"line":76,"column":0},"end":{"line":76,"column":20}},"76":{"start":{"line":77,"column":0},"end":{"line":77,"column":12}},"77":{"start":{"line":78,"column":0},"end":{"line":78,"column":48}},"78":{"start":{"line":79,"column":0},"end":{"line":79,"column":5}},"79":{"start":{"line":80,"column":0},"end":{"line":80,"column":19}},"80":{"start":{"line":81,"column":0},"end":{"line":81,"column":40}},"81":{"start":{"line":82,"column":0},"end":{"line":82,"column":89}},"84":{"start":{"line":85,"column":0},"end":{"line":85,"column":48}},"85":{"start":{"line":86,"column":0},"end":{"line":86,"column":79}},"86":{"start":{"line":87,"column":0},"end":{"line":87,"column":71}},"87":{"start":{"line":88,"column":0},"end":{"line":88,"column":40}},"88":{"start":{"line":89,"column":0},"end":{"line":89,"column":20}},"89":{"start":{"line":90,"column":0},"end":{"line":90,"column":12}},"90":{"start":{"line":91,"column":0},"end":{"line":91,"column":34}},"91":{"start":{"line":92,"column":0},"end":{"line":92,"column":66}},"92":{"start":{"line":93,"column":0},"end":{"line":93,"column":5}},"93":{"start":{"line":94,"column":0},"end":{"line":94,"column":3}},"96":{"start":{"line":97,"column":0},"end":{"line":97,"column":94}},"97":{"start":{"line":98,"column":0},"end":{"line":98,"column":100}},"99":{"start":{"line":100,"column":0},"end":{"line":100,"column":14}},"100":{"start":{"line":101,"column":0},"end":{"line":101,"column":30}},"101":{"start":{"line":102,"column":0},"end":{"line":102,"column":67}},"103":{"start":{"line":104,"column":0},"end":{"line":104,"column":32}},"104":{"start":{"line":105,"column":0},"end":{"line":105,"column":10}},"106":{"start":{"line":107,"column":0},"end":{"line":107,"column":31}},"107":{"start":{"line":108,"column":0},"end":{"line":108,"column":3}},"109":{"start":{"line":110,"column":0},"end":{"line":110,"column":46}},"110":{"start":{"line":111,"column":0},"end":{"line":111,"column":41}},"111":{"start":{"line":112,"column":0},"end":{"line":112,"column":26}},"112":{"start":{"line":113,"column":0},"end":{"line":113,"column":38}},"113":{"start":{"line":114,"column":0},"end":{"line":114,"column":44}},"114":{"start":{"line":115,"column":0},"end":{"line":115,"column":43}},"115":{"start":{"line":116,"column":0},"end":{"line":116,"column":16}},"117":{"start":{"line":118,"column":0},"end":{"line":118,"column":61}},"119":{"start":{"line":120,"column":0},"end":{"line":120,"column":36}},"120":{"start":{"line":121,"column":0},"end":{"line":121,"column":23}},"121":{"start":{"line":122,"column":0},"end":{"line":122,"column":14}},"122":{"start":{"line":123,"column":0},"end":{"line":123,"column":32}},"123":{"start":{"line":124,"column":0},"end":{"line":124,"column":60}},"124":{"start":{"line":125,"column":0},"end":{"line":125,"column":5}},"125":{"start":{"line":126,"column":0},"end":{"line":126,"column":5}},"126":{"start":{"line":127,"column":0},"end":{"line":127,"column":1}}},"s":{"0":0,"1":0,"2":0,"3":0,"17":0,"18":0,"19":0,"21":0,"23":0,"24":0,"25":0,"26":0,"27":0,"28":0,"29":0,"30":0,"31":0,"32":0,"33":0,"34":0,"35":0,"36":0,"37":0,"38":0,"39":0,"40":0,"41":0,"44":0,"45":0,"46":0,"47":0,"48":0,"49":0,"50":0,"51":0,"52":0,"53":0,"54":0,"55":0,"56":0,"57":0,"60":0,"61":0,"62":0,"63":0,"66":0,"67":0,"69":0,"70":0,"71":0,"72":0,"73":0,"74":0,"75":0,"76":0,"77":0,"78":0,"79":0,"80":0,"81":0,"84":0,"85":0,"86":0,"87":0,"88":0,"89":0,"90":0,"91":0,"92":0,"93":0,"96":0,"97":0,"99":0,"100":0,"101":0,"103":0,"104":0,"106":0,"107":0,"109":0,"110":0,"111":0,"112":0,"113":0,"114":0,"115":0,"117":0,"119":0,"120":0,"121":0,"122":0,"123":0,"124":0,"125":0,"126":0},"branchMap":{"0":{"type":"branch","line":1,"loc":{"start":{"line":1,"column":4205},"end":{"line":127,"column":1}},"locations":[{"start":{"line":1,"column":4205},"end":{"line":127,"column":1}}]}},"b":{"0":[0]},"fnMap":{"0":{"name":"(empty-report)","decl":{"start":{"line":1,"column":4205},"end":{"line":127,"column":1}},"loc":{"start":{"line":1,"column":4205},"end":{"line":127,"column":1}},"line":1}},"f":{"0":0}}
,"/home/vizionik/CodeRevAI/app/api/history/route.ts": {"path":"/home/vizionik/CodeRevAI/app/api/history/route.ts","all":true,"statementMap":{"0":{"start":{"line":1,"column":0},"end":{"line":1,"column":43}},"1":{"start":{"line":2,"column":0},"end":{"line":2,"column":44}},"2":{"start":{"line":3,"column":0},"end":{"line":3,"column":107}},"3":{"start":{"line":4,"column":0},"end":{"line":4,"column":44}},"4":{"start":{"line":5,"column":0},"end":{"line":5,"column":67}},"6":{"start":{"line":7,"column":0},"end":{"line":7,"column":41}},"7":{"start":{"line":8,"column":0},"end":{"line":8,"column":7}},"8":{"start":{"line":9,"column":0},"end":{"line":9,"column":36}},"10":{"start":{"line":11,"column":0},"end":{"line":11,"column":18}},"11":{"start":{"line":12,"column":0},"end":{"line":12,"column":76}},"12":{"start":{"line":13,"column":0},"end":{"line":13,"column":76}},"13":{"start":{"line":14,"column":0},"end":{"line":14,"column":5}},"15":{"start":{"line":16,"column":0},"end":{"line":16,"column":51}},"16":{"start":{"line":17,"column":0},"end":{"line":17,"column":42}},"17":{"start":{"line":18,"column":0},"end":{"line":18,"column":28}},"18":{"start":{"line":19,"column":0},"end":{"line":19,"column":51}},"19":{"start":{"line":20,"column":0},"end":{"line":20,"column":66}},"20":{"start":{"line":21,"column":0},"end":{"line":21,"column":56}},"21":{"start":{"line":22,"column":0},"end":{"line":22,"column":3}},"22":{"start":{"line":23,"column":0},"end":{"line":23,"column":1}},"24":{"start":{"line":25,"column":0},"end":{"line":25,"column":42}},"25":{"start":{"line":26,"column":0},"end":{"line":26,"column":7}},"26":{"start":{"line":27,"column":0},"end":{"line":27,"column":36}},"28":{"start":{"line":29,"column":0},"end":{"line":29,"column":18}},"29":{"start":{"line":30,"column":0},"end":{"line":30,"column":76}},"30":{"start":{"line":31,"column":0},"end":{"line":31,"column":76}},"31":{"start":{"line":32,"column":0},"end":{"line":32,"column":5}},"33":{"start":{"line":34,"column":0},"end":{"line":34,"column":41}},"34":{"start":{"line":35,"column":0},"end":{"line":35,"column":50}},"36":{"start":{"line":37,"column":0},"end":{"line":37,"column":48}},"37":{"start":{"line":38,"column":0},"end":{"line":38,"column":28}},"38":{"start":{"line":39,"column":0},"end":{"line":39,"column":49}},"39":{"start":{"line":40,"column":0},"end":{"line":40,"column":66}},"40":{"start":{"line":41,"column":0},"end":{"line":41,"column":56}},"41":{"start":{"line":42,"column":0},"end":{"line":42,"column":3}},"42":{"start":{"line":43,"column":0},"end":{"line":43,"column":1}},"44":{"start":{"line":45,"column":0},"end":{"line":45,"column":44}},"45":{"start":{"line":46,"column":0},"end":{"line":46,"column":7}},"46":{"start":{"line":47,"column":0},"end":{"line":47,"column":36}},"48":{"start":{"line":49,"column":0},"end":{"line":49,"column":18}},"49":{"start":{"line":50,"column":0},"end":{"line":50,"column":76}},"50":{"start":{"line":51,"column":0},"end":{"line":51,"column":76}},"51":{"start":{"line":52,"column":0},"end":{"line":52,"column":5}},"53":{"start":{"line":54,"column":0},"end":{"line":54,"column":37}},"54":{"start":{"line":55,"column":0},"end":{"line":55,"column":48}},"55":{"start":{"line":56,"column":0},"end":{"line":56,"column":28}},"56":{"start":{"line":57,"column":0},"end":{"line":57,"column":51}},"57":{"start":{"line":58,"column":0},"end":{"line":58,"column":66}},"58":{"start":{"line":59,"column":0},"end":{"line":59,"column":56}},"59":{"start":{"line":60,"column":0},"end":{"line":60,"column":3}},"60":{"start":{"line":61,"column":0},"end":{"line":61,"column":1}}},"s":{"0":0,"1":0,"2":0,"3":0,"4":0,"6":0,"7":0,"8":0,"10":0,"11":0,"12":0,"13":0,"15":0,"16":0,"17":0,"18":0,"19":0,"20":0,"21":0,"22":0,"24":0,"25":0,"26":0,"28":0,"29":0,"30":0,"31":0,"33":0,"34":0,"36":0,"37":0,"38":0,"39":0,"40":0,"41":0,"42":0,"44":0,"45":0,"46":0,"48":0,"49":0,"50":0,"51":0,"53":0,"54":0,"55":0,"56":0,"57":0,"58":0,"59":0,"60":0},"branchMap":{"0":{"type":"branch","line":1,"loc":{"start":{"line":1,"column":2092},"end":{"line":61,"column":1}},"locations":[{"start":{"line":1,"column":2092},"end":{"line":61,"column":1}}]}},"b":{"0":[0]},"fnMap":{"0":{"name":"(empty-report)","decl":{"start":{"line":1,"column":2092},"end":{"line":61,"column":1}},"loc":{"start":{"line":1,"column":2092},"end":{"line":61,"column":1}},"line":1}},"f":{"0":0}}
,"/home/vizionik/CodeRevAI/app/api/review-code/route.ts": {"path":"/home/vizionik/CodeRevAI/app/api/review-code/route.ts","all":true,"statementMap":{"0":{"start":{"line":1,"column":0},"end":{"line":1,"column":56}},"1":{"start":{"line":2,"column":0},"end":{"line":2,"column":44}},"2":{"start":{"line":3,"column":0},"end":{"line":3,"column":8}},"10":{"start":{"line":11,"column":0},"end":{"line":11,"column":56}},"11":{"start":{"line":12,"column":0},"end":{"line":12,"column":57}},"12":{"start":{"line":13,"column":0},"end":{"line":13,"column":53}},"13":{"start":{"line":14,"column":0},"end":{"line":14,"column":44}},"14":{"start":{"line":15,"column":0},"end":{"line":15,"column":67}},"16":{"start":{"line":17,"column":0},"end":{"line":17,"column":101}},"17":{"start":{"line":18,"column":0},"end":{"line":18,"column":67}},"18":{"start":{"line":19,"column":0},"end":{"line":19,"column":75}},"20":{"start":{"line":21,"column":0},"end":{"line":21,"column":48}},"21":{"start":{"line":22,"column":0},"end":{"line":22,"column":58}},"22":{"start":{"line":23,"column":0},"end":{"line":23,"column":130}},"23":{"start":{"line":24,"column":0},"end":{"line":24,"column":18}},"25":{"start":{"line":26,"column":0},"end":{"line":26,"column":112}},"28":{"start":{"line":29,"column":0},"end":{"line":29,"column":15}},"32":{"start":{"line":33,"column":0},"end":{"line":33,"column":17}},"33":{"start":{"line":34,"column":0},"end":{"line":34,"column":7}},"38":{"start":{"line":39,"column":0},"end":{"line":39,"column":44}},"39":{"start":{"line":40,"column":0},"end":{"line":40,"column":17}},"42":{"start":{"line":43,"column":0},"end":{"line":43,"column":22}},"45":{"start":{"line":46,"column":0},"end":{"line":46,"column":3}},"47":{"start":{"line":48,"column":0},"end":{"line":48,"column":16}},"48":{"start":{"line":49,"column":0},"end":{"line":49,"column":1}},"50":{"start":{"line":51,"column":0},"end":{"line":51,"column":42}},"52":{"start":{"line":53,"column":0},"end":{"line":53,"column":75}},"53":{"start":{"line":54,"column":0},"end":{"line":54,"column":31}},"55":{"start":{"line":56,"column":0},"end":{"line":56,"column":7}},"56":{"start":{"line":57,"column":0},"end":{"line":57,"column":92}},"59":{"start":{"line":60,"column":0},"end":{"line":60,"column":36}},"61":{"start":{"line":62,"column":0},"end":{"line":62,"column":18}},"62":{"start":{"line":63,"column":0},"end":{"line":63,"column":76}},"63":{"start":{"line":64,"column":0},"end":{"line":64,"column":64}},"64":{"start":{"line":65,"column":0},"end":{"line":65,"column":31}},"65":{"start":{"line":66,"column":0},"end":{"line":66,"column":35}},"66":{"start":{"line":67,"column":0},"end":{"line":67,"column":63}},"67":{"start":{"line":68,"column":0},"end":{"line":68,"column":8}},"68":{"start":{"line":69,"column":0},"end":{"line":69,"column":5}},"71":{"start":{"line":72,"column":0},"end":{"line":72,"column":90}},"73":{"start":{"line":74,"column":0},"end":{"line":74,"column":29}},"75":{"start":{"line":76,"column":0},"end":{"line":76,"column":34}},"76":{"start":{"line":77,"column":0},"end":{"line":77,"column":35}},"77":{"start":{"line":78,"column":0},"end":{"line":78,"column":32}},"78":{"start":{"line":79,"column":0},"end":{"line":79,"column":94}},"79":{"start":{"line":80,"column":0},"end":{"line":80,"column":33}},"80":{"start":{"line":81,"column":0},"end":{"line":81,"column":14}},"81":{"start":{"line":82,"column":0},"end":{"line":82,"column":10}},"82":{"start":{"line":83,"column":0},"end":{"line":83,"column":33}},"83":{"start":{"line":84,"column":0},"end":{"line":84,"column":37}},"84":{"start":{"line":85,"column":0},"end":{"line":85,"column":25}},"85":{"start":{"line":86,"column":0},"end":{"line":86,"column":10}},"86":{"start":{"line":87,"column":0},"end":{"line":87,"column":7}},"88":{"start":{"line":89,"column":0},"end":{"line":89,"column":33}},"89":{"start":{"line":90,"column":0},"end":{"line":90,"column":30}},"90":{"start":{"line":91,"column":0},"end":{"line":91,"column":55}},"91":{"start":{"line":92,"column":0},"end":{"line":92,"column":18}},"92":{"start":{"line":93,"column":0},"end":{"line":93,"column":12}},"93":{"start":{"line":94,"column":0},"end":{"line":94,"column":8}},"94":{"start":{"line":95,"column":0},"end":{"line":95,"column":31}},"95":{"start":{"line":96,"column":0},"end":{"line":96,"column":35}},"96":{"start":{"line":97,"column":0},"end":{"line":97,"column":10}},"97":{"start":{"line":98,"column":0},"end":{"line":98,"column":22}},"98":{"start":{"line":99,"column":0},"end":{"line":99,"column":20}},"99":{"start":{"line":100,"column":0},"end":{"line":100,"column":38}},"100":{"start":{"line":101,"column":0},"end":{"line":101,"column":41}},"101":{"start":{"line":102,"column":0},"end":{"line":102,"column":77}},"102":{"start":{"line":103,"column":0},"end":{"line":103,"column":11}},"103":{"start":{"line":104,"column":0},"end":{"line":104,"column":9}},"104":{"start":{"line":105,"column":0},"end":{"line":105,"column":8}},"105":{"start":{"line":106,"column":0},"end":{"line":106,"column":5}},"108":{"start":{"line":109,"column":0},"end":{"line":109,"column":75}},"111":{"start":{"line":112,"column":0},"end":{"line":112,"column":51}},"112":{"start":{"line":113,"column":0},"end":{"line":113,"column":32}},"113":{"start":{"line":114,"column":0},"end":{"line":114,"column":96}},"114":{"start":{"line":115,"column":0},"end":{"line":115,"column":31}},"115":{"start":{"line":116,"column":0},"end":{"line":116,"column":35}},"116":{"start":{"line":117,"column":0},"end":{"line":117,"column":23}},"117":{"start":{"line":118,"column":0},"end":{"line":118,"column":8}},"118":{"start":{"line":119,"column":0},"end":{"line":119,"column":5}},"120":{"start":{"line":121,"column":0},"end":{"line":121,"column":58}},"121":{"start":{"line":122,"column":0},"end":{"line":122,"column":36}},"122":{"start":{"line":123,"column":0},"end":{"line":123,"column":98}},"123":{"start":{"line":124,"column":0},"end":{"line":124,"column":31}},"124":{"start":{"line":125,"column":0},"end":{"line":125,"column":35}},"125":{"start":{"line":126,"column":0},"end":{"line":126,"column":23}},"126":{"start":{"line":127,"column":0},"end":{"line":127,"column":8}},"127":{"start":{"line":128,"column":0},"end":{"line":128,"column":5}},"129":{"start":{"line":130,"column":0},"end":{"line":130,"column":70}},"130":{"start":{"line":131,"column":0},"end":{"line":131,"column":34}},"131":{"start":{"line":132,"column":0},"end":{"line":132,"column":101}},"132":{"start":{"line":133,"column":0},"end":{"line":133,"column":31}},"133":{"start":{"line":134,"column":0},"end":{"line":134,"column":35}},"134":{"start":{"line":135,"column":0},"end":{"line":135,"column":23}},"135":{"start":{"line":136,"column":0},"end":{"line":136,"column":8}},"136":{"start":{"line":137,"column":0},"end":{"line":137,"column":5}},"138":{"start":{"line":139,"column":0},"end":{"line":139,"column":67}},"139":{"start":{"line":140,"column":0},"end":{"line":140,"column":33}},"140":{"start":{"line":141,"column":0},"end":{"line":141,"column":99}},"141":{"start":{"line":142,"column":0},"end":{"line":142,"column":31}},"142":{"start":{"line":143,"column":0},"end":{"line":143,"column":35}},"143":{"start":{"line":144,"column":0},"end":{"line":144,"column":23}},"144":{"start":{"line":145,"column":0},"end":{"line":145,"column":8}},"145":{"start":{"line":146,"column":0},"end":{"line":146,"column":5}},"148":{"start":{"line":149,"column":0},"end":{"line":149,"column":46}},"149":{"start":{"line":150,"column":0},"end":{"line":150,"column":54}},"150":{"start":{"line":151,"column":0},"end":{"line":151,"column":82}},"153":{"start":{"line":154,"column":0},"end":{"line":154,"column":31}},"154":{"start":{"line":155,"column":0},"end":{"line":155,"column":20}},"155":{"start":{"line":156,"column":0},"end":{"line":156,"column":24}},"156":{"start":{"line":157,"column":0},"end":{"line":157,"column":22}},"157":{"start":{"line":158,"column":0},"end":{"line":158,"column":38}},"158":{"start":{"line":159,"column":0},"end":{"line":159,"column":6}},"161":{"start":{"line":162,"column":0},"end":{"line":162,"column":35}},"162":{"start":{"line":163,"column":0},"end":{"line":163,"column":37}},"164":{"start":{"line":165,"column":0},"end":{"line":165,"column":62}},"165":{"start":{"line":166,"column":0},"end":{"line":166,"column":32}},"166":{"start":{"line":167,"column":0},"end":{"line":167,"column":23}},"167":{"start":{"line":168,"column":0},"end":{"line":168,"column":7}},"169":{"start":{"line":170,"column":0},"end":{"line":170,"column":48}},"170":{"start":{"line":171,"column":0},"end":{"line":171,"column":41}},"173":{"start":{"line":174,"column":0},"end":{"line":174,"column":41}},"174":{"start":{"line":175,"column":0},"end":{"line":175,"column":32}},"175":{"start":{"line":176,"column":0},"end":{"line":176,"column":36}},"176":{"start":{"line":177,"column":0},"end":{"line":177,"column":38}},"177":{"start":{"line":178,"column":0},"end":{"line":178,"column":12}},"178":{"start":{"line":179,"column":0},"end":{"line":179,"column":18}},"180":{"start":{"line":181,"column":0},"end":{"line":181,"column":49}},"181":{"start":{"line":182,"column":0},"end":{"line":182,"column":51}},"182":{"start":{"line":183,"column":0},"end":{"line":183,"column":42}},"183":{"start":{"line":184,"column":0},"end":{"line":184,"column":35}},"184":{"start":{"line":185,"column":0},"end":{"line":185,"column":18}},"186":{"start":{"line":187,"column":0},"end":{"line":187,"column":29}},"187":{"start":{"line":188,"column":0},"end":{"line":188,"column":19}},"188":{"start":{"line":189,"column":0},"end":{"line":189,"column":7}},"189":{"start":{"line":190,"column":0},"end":{"line":190,"column":18}},"190":{"start":{"line":191,"column":0},"end":{"line":191,"column":36}},"191":{"start":{"line":192,"column":0},"end":{"line":192,"column":66}},"192":{"start":{"line":193,"column":0},"end":{"line":193,"column":75}},"193":{"start":{"line":194,"column":0},"end":{"line":194,"column":36}},"194":{"start":{"line":195,"column":0},"end":{"line":195,"column":9}},"195":{"start":{"line":196,"column":0},"end":{"line":196,"column":7}},"196":{"start":{"line":197,"column":0},"end":{"line":197,"column":6}},"197":{"start":{"line":198,"column":0},"end":{"line":198,"column":28}},"198":{"start":{"line":199,"column":0},"end":{"line":199,"column":44}},"201":{"start":{"line":202,"column":0},"end":{"line":202,"column":45}},"202":{"start":{"line":203,"column":0},"end":{"line":203,"column":13}},"203":{"start":{"line":204,"column":0},"end":{"line":204,"column":59}},"205":{"start":{"line":206,"column":0},"end":{"line":206,"column":67}},"206":{"start":{"line":207,"column":0},"end":{"line":207,"column":90}},"208":{"start":{"line":209,"column":0},"end":{"line":209,"column":47}},"209":{"start":{"line":210,"column":0},"end":{"line":210,"column":34}},"210":{"start":{"line":211,"column":0},"end":{"line":211,"column":55}},"212":{"start":{"line":213,"column":0},"end":{"line":213,"column":98}},"214":{"start":{"line":215,"column":0},"end":{"line":215,"column":29}},"215":{"start":{"line":216,"column":0},"end":{"line":216,"column":15}},"216":{"start":{"line":217,"column":0},"end":{"line":217,"column":68}},"217":{"start":{"line":218,"column":0},"end":{"line":218,"column":6}},"218":{"start":{"line":219,"column":0},"end":{"line":219,"column":3}},"219":{"start":{"line":220,"column":0},"end":{"line":220,"column":1}}},"s":{"0":0,"1":0,"2":0,"10":0,"11":0,"12":0,"13":0,"14":0,"16":0,"17":0,"18":0,"20":0,"21":0,"22":0,"23":0,"25":0,"28":0,"32":0,"33":0,"38":0,"39":0,"42":0,"45":0,"47":0,"48":0,"50":0,"52":0,"53":0,"55":0,"56":0,"59":0,"61":0,"62":0,"63":0,"64":0,"65":0,"66":0,"67":0,"68":0,"71":0,"73":0,"75":0,"76":0,"77":0,"78":0,"79":0,"80":0,"81":0,"82":0,"83":0,"84":0,"85":0,"86":0,"88":0,"89":0,"90":0,"91":0,"92":0,"93":0,"94":0,"95":0,"96":0,"97":0,"98":0,"99":0,"100":0,"101":0,"102":0,"103":0,"104":0,"105":0,"108":0,"111":0,"112":0,"113":0,"114":0,"115":0,"116":0,"117":0,"118":0,"120":0,"121":0,"122":0,"123":0,"124":0,"125":0,"126":0,"127":0,"129":0,"130":0,"131":0,"132":0,"133":0,"134":0,"135":0,"136":0,"138":0,"139":0,"140":0,"141":0,"142":0,"143":0,"144":0,"145":0,"148":0,"149":0,"150":0,"153":0,"154":0,"155":0,"156":0,"157":0,"158":0,"161":0,"162":0,"164":0,"165":0,"166":0,"167":0,"169":0,"170":0,"173":0,"174":0,"175":0,"176":0,"177":0,"178":0,"180":0,"181":0,"182":0,"183":0,"184":0,"186":0,"187":0,"188":0,"189":0,"190":0,"191":0,"192":0,"193":0,"194":0,"195":0,"196":0,"197":0,"198":0,"201":0,"202":0,"203":0,"205":0,"206":0,"208":0,"209":0,"210":0,"212":0,"214":0,"215":0,"216":0,"217":0,"218":0,"219":0},"branchMap":{"0":{"type":"branch","line":1,"loc":{"start":{"line":1,"column":6973},"end":{"line":220,"column":1}},"locations":[{"start":{"line":1,"column":6973},"end":{"line":220,"column":1}}]}},"b":{"0":[0]},"fnMap":{"0":{"name":"(empty-report)","decl":{"start":{"line":1,"column":6973},"end":{"line":220,"column":1}},"loc":{"start":{"line":1,"column":6973},"end":{"line":220,"column":1}},"line":1}},"f":{"0":0}}
,"/home/vizionik/CodeRevAI/app/api/review-repo/route.ts": {"path":"/home/vizionik/CodeRevAI/app/api/review-repo/route.ts","all":true,"statementMap":{"0":{"start":{"line":1,"column":0},"end":{"line":1,"column":56}},"1":{"start":{"line":2,"column":0},"end":{"line":2,"column":44}},"2":{"start":{"line":3,"column":0},"end":{"line":3,"column":8}},"11":{"start":{"line":12,"column":0},"end":{"line":12,"column":56}},"12":{"start":{"line":13,"column":0},"end":{"line":13,"column":57}},"13":{"start":{"line":14,"column":0},"end":{"line":14,"column":53}},"14":{"start":{"line":15,"column":0},"end":{"line":15,"column":56}},"15":{"start":{"line":16,"column":0},"end":{"line":16,"column":44}},"16":{"start":{"line":17,"column":0},"end":{"line":17,"column":67}},"18":{"start":{"line":19,"column":0},"end":{"line":19,"column":139}},"19":{"start":{"line":20,"column":0},"end":{"line":20,"column":64}},"21":{"start":{"line":22,"column":0},"end":{"line":22,"column":34}},"22":{"start":{"line":23,"column":0},"end":{"line":23,"column":18}},"24":{"start":{"line":25,"column":0},"end":{"line":25,"column":12}},"26":{"start":{"line":27,"column":0},"end":{"line":27,"column":19}},"28":{"start":{"line":29,"column":0},"end":{"line":29,"column":67}},"29":{"start":{"line":30,"column":0},"end":{"line":30,"column":75}},"31":{"start":{"line":32,"column":0},"end":{"line":32,"column":48}},"32":{"start":{"line":33,"column":0},"end":{"line":33,"column":58}},"33":{"start":{"line":34,"column":0},"end":{"line":34,"column":97}},"34":{"start":{"line":35,"column":0},"end":{"line":35,"column":18}},"36":{"start":{"line":37,"column":0},"end":{"line":37,"column":139}},"41":{"start":{"line":42,"column":0},"end":{"line":42,"column":15}},"45":{"start":{"line":46,"column":0},"end":{"line":46,"column":10}},"49":{"start":{"line":50,"column":0},"end":{"line":50,"column":15}},"54":{"start":{"line":55,"column":0},"end":{"line":55,"column":44}},"55":{"start":{"line":56,"column":0},"end":{"line":56,"column":17}},"58":{"start":{"line":59,"column":0},"end":{"line":59,"column":22}},"61":{"start":{"line":62,"column":0},"end":{"line":62,"column":3}},"63":{"start":{"line":64,"column":0},"end":{"line":64,"column":16}},"64":{"start":{"line":65,"column":0},"end":{"line":65,"column":1}},"66":{"start":{"line":67,"column":0},"end":{"line":67,"column":42}},"67":{"start":{"line":68,"column":0},"end":{"line":68,"column":7}},"69":{"start":{"line":70,"column":0},"end":{"line":70,"column":36}},"71":{"start":{"line":72,"column":0},"end":{"line":72,"column":18}},"72":{"start":{"line":73,"column":0},"end":{"line":73,"column":76}},"73":{"start":{"line":74,"column":0},"end":{"line":74,"column":31}},"74":{"start":{"line":75,"column":0},"end":{"line":75,"column":35}},"75":{"start":{"line":76,"column":0},"end":{"line":76,"column":23}},"76":{"start":{"line":77,"column":0},"end":{"line":77,"column":8}},"77":{"start":{"line":78,"column":0},"end":{"line":78,"column":5}},"80":{"start":{"line":81,"column":0},"end":{"line":81,"column":89}},"82":{"start":{"line":83,"column":0},"end":{"line":83,"column":29}},"84":{"start":{"line":85,"column":0},"end":{"line":85,"column":34}},"85":{"start":{"line":86,"column":0},"end":{"line":86,"column":35}},"86":{"start":{"line":87,"column":0},"end":{"line":87,"column":32}},"87":{"start":{"line":88,"column":0},"end":{"line":88,"column":94}},"88":{"start":{"line":89,"column":0},"end":{"line":89,"column":33}},"89":{"start":{"line":90,"column":0},"end":{"line":90,"column":14}},"90":{"start":{"line":91,"column":0},"end":{"line":91,"column":10}},"91":{"start":{"line":92,"column":0},"end":{"line":92,"column":33}},"92":{"start":{"line":93,"column":0},"end":{"line":93,"column":37}},"93":{"start":{"line":94,"column":0},"end":{"line":94,"column":25}},"94":{"start":{"line":95,"column":0},"end":{"line":95,"column":10}},"95":{"start":{"line":96,"column":0},"end":{"line":96,"column":7}},"97":{"start":{"line":98,"column":0},"end":{"line":98,"column":33}},"98":{"start":{"line":99,"column":0},"end":{"line":99,"column":30}},"99":{"start":{"line":100,"column":0},"end":{"line":100,"column":79}},"100":{"start":{"line":101,"column":0},"end":{"line":101,"column":18}},"101":{"start":{"line":102,"column":0},"end":{"line":102,"column":12}},"102":{"start":{"line":103,"column":0},"end":{"line":103,"column":8}},"103":{"start":{"line":104,"column":0},"end":{"line":104,"column":31}},"104":{"start":{"line":105,"column":0},"end":{"line":105,"column":35}},"105":{"start":{"line":106,"column":0},"end":{"line":106,"column":10}},"106":{"start":{"line":107,"column":0},"end":{"line":107,"column":22}},"107":{"start":{"line":108,"column":0},"end":{"line":108,"column":20}},"108":{"start":{"line":109,"column":0},"end":{"line":109,"column":37}},"109":{"start":{"line":110,"column":0},"end":{"line":110,"column":41}},"110":{"start":{"line":111,"column":0},"end":{"line":111,"column":77}},"111":{"start":{"line":112,"column":0},"end":{"line":112,"column":11}},"112":{"start":{"line":113,"column":0},"end":{"line":113,"column":9}},"113":{"start":{"line":114,"column":0},"end":{"line":114,"column":8}},"114":{"start":{"line":115,"column":0},"end":{"line":115,"column":5}},"117":{"start":{"line":118,"column":0},"end":{"line":118,"column":75}},"120":{"start":{"line":121,"column":0},"end":{"line":121,"column":64}},"121":{"start":{"line":122,"column":0},"end":{"line":122,"column":99}},"122":{"start":{"line":123,"column":0},"end":{"line":123,"column":31}},"123":{"start":{"line":124,"column":0},"end":{"line":124,"column":35}},"124":{"start":{"line":125,"column":0},"end":{"line":125,"column":23}},"125":{"start":{"line":126,"column":0},"end":{"line":126,"column":8}},"126":{"start":{"line":127,"column":0},"end":{"line":127,"column":5}},"128":{"start":{"line":129,"column":0},"end":{"line":129,"column":51}},"129":{"start":{"line":130,"column":0},"end":{"line":130,"column":31}},"130":{"start":{"line":131,"column":0},"end":{"line":131,"column":99}},"131":{"start":{"line":132,"column":0},"end":{"line":132,"column":31}},"132":{"start":{"line":133,"column":0},"end":{"line":133,"column":35}},"133":{"start":{"line":134,"column":0},"end":{"line":134,"column":23}},"134":{"start":{"line":135,"column":0},"end":{"line":135,"column":8}},"135":{"start":{"line":136,"column":0},"end":{"line":136,"column":5}},"137":{"start":{"line":138,"column":0},"end":{"line":138,"column":70}},"138":{"start":{"line":139,"column":0},"end":{"line":139,"column":34}},"139":{"start":{"line":140,"column":0},"end":{"line":140,"column":101}},"140":{"start":{"line":141,"column":0},"end":{"line":141,"column":31}},"141":{"start":{"line":142,"column":0},"end":{"line":142,"column":35}},"142":{"start":{"line":143,"column":0},"end":{"line":143,"column":23}},"143":{"start":{"line":144,"column":0},"end":{"line":144,"column":8}},"144":{"start":{"line":145,"column":0},"end":{"line":145,"column":5}},"146":{"start":{"line":147,"column":0},"end":{"line":147,"column":67}},"147":{"start":{"line":148,"column":0},"end":{"line":148,"column":33}},"148":{"start":{"line":149,"column":0},"end":{"line":149,"column":99}},"149":{"start":{"line":150,"column":0},"end":{"line":150,"column":31}},"150":{"start":{"line":151,"column":0},"end":{"line":151,"column":35}},"151":{"start":{"line":152,"column":0},"end":{"line":152,"column":23}},"152":{"start":{"line":153,"column":0},"end":{"line":153,"column":8}},"153":{"start":{"line":154,"column":0},"end":{"line":154,"column":5}},"156":{"start":{"line":157,"column":0},"end":{"line":157,"column":50}},"158":{"start":{"line":159,"column":0},"end":{"line":159,"column":33}},"159":{"start":{"line":160,"column":0},"end":{"line":160,"column":110}},"160":{"start":{"line":161,"column":0},"end":{"line":161,"column":31}},"161":{"start":{"line":162,"column":0},"end":{"line":162,"column":35}},"162":{"start":{"line":163,"column":0},"end":{"line":163,"column":23}},"163":{"start":{"line":164,"column":0},"end":{"line":164,"column":8}},"164":{"start":{"line":165,"column":0},"end":{"line":165,"column":5}},"167":{"start":{"line":168,"column":0},"end":{"line":168,"column":22}},"168":{"start":{"line":169,"column":0},"end":{"line":169,"column":50}},"169":{"start":{"line":170,"column":0},"end":{"line":170,"column":65}},"170":{"start":{"line":171,"column":0},"end":{"line":171,"column":43}},"171":{"start":{"line":172,"column":0},"end":{"line":172,"column":14}},"172":{"start":{"line":173,"column":0},"end":{"line":173,"column":39}},"173":{"start":{"line":174,"column":0},"end":{"line":174,"column":34}},"174":{"start":{"line":175,"column":0},"end":{"line":175,"column":8}},"175":{"start":{"line":176,"column":0},"end":{"line":176,"column":7}},"178":{"start":{"line":179,"column":0},"end":{"line":179,"column":122}},"179":{"start":{"line":180,"column":0},"end":{"line":180,"column":32}},"180":{"start":{"line":181,"column":0},"end":{"line":181,"column":108}},"181":{"start":{"line":182,"column":0},"end":{"line":182,"column":31}},"182":{"start":{"line":183,"column":0},"end":{"line":183,"column":35}},"183":{"start":{"line":184,"column":0},"end":{"line":184,"column":23}},"184":{"start":{"line":185,"column":0},"end":{"line":185,"column":8}},"185":{"start":{"line":186,"column":0},"end":{"line":186,"column":5}},"187":{"start":{"line":188,"column":0},"end":{"line":188,"column":82}},"188":{"start":{"line":189,"column":0},"end":{"line":189,"column":52}},"191":{"start":{"line":192,"column":0},"end":{"line":192,"column":35}},"192":{"start":{"line":193,"column":0},"end":{"line":193,"column":21}},"193":{"start":{"line":194,"column":0},"end":{"line":194,"column":23}},"194":{"start":{"line":195,"column":0},"end":{"line":195,"column":22}},"195":{"start":{"line":196,"column":0},"end":{"line":196,"column":38}},"196":{"start":{"line":197,"column":0},"end":{"line":197,"column":6}},"199":{"start":{"line":200,"column":0},"end":{"line":200,"column":37}},"201":{"start":{"line":202,"column":0},"end":{"line":202,"column":62}},"202":{"start":{"line":203,"column":0},"end":{"line":203,"column":32}},"203":{"start":{"line":204,"column":0},"end":{"line":204,"column":23}},"204":{"start":{"line":205,"column":0},"end":{"line":205,"column":7}},"206":{"start":{"line":207,"column":0},"end":{"line":207,"column":41}},"208":{"start":{"line":209,"column":0},"end":{"line":209,"column":29}},"209":{"start":{"line":210,"column":0},"end":{"line":210,"column":19}},"210":{"start":{"line":211,"column":0},"end":{"line":211,"column":7}},"211":{"start":{"line":212,"column":0},"end":{"line":212,"column":18}},"212":{"start":{"line":213,"column":0},"end":{"line":213,"column":35}},"213":{"start":{"line":214,"column":0},"end":{"line":214,"column":66}},"214":{"start":{"line":215,"column":0},"end":{"line":215,"column":75}},"215":{"start":{"line":216,"column":0},"end":{"line":216,"column":9}},"216":{"start":{"line":217,"column":0},"end":{"line":217,"column":7}},"217":{"start":{"line":218,"column":0},"end":{"line":218,"column":6}},"218":{"start":{"line":219,"column":0},"end":{"line":219,"column":28}},"219":{"start":{"line":220,"column":0},"end":{"line":220,"column":59}},"221":{"start":{"line":222,"column":0},"end":{"line":222,"column":68}},"222":{"start":{"line":223,"column":0},"end":{"line":223,"column":98}},"224":{"start":{"line":225,"column":0},"end":{"line":225,"column":29}},"225":{"start":{"line":226,"column":0},"end":{"line":226,"column":15}},"226":{"start":{"line":227,"column":0},"end":{"line":227,"column":28}},"227":{"start":{"line":228,"column":0},"end":{"line":228,"column":6}},"228":{"start":{"line":229,"column":0},"end":{"line":229,"column":3}},"229":{"start":{"line":230,"column":0},"end":{"line":230,"column":1}}},"s":{"0":0,"1":0,"2":0,"11":0,"12":0,"13":0,"14":0,"15":0,"16":0,"18":0,"19":0,"21":0,"22":0,"24":0,"26":0,"28":0,"29":0,"31":0,"32":0,"33":0,"34":0,"36":0,"41":0,"45":0,"49":0,"54":0,"55":0,"58":0,"61":0,"63":0,"64":0,"66":0,"67":0,"69":0,"71":0,"72":0,"73":0,"74":0,"75":0,"76":0,"77":0,"80":0,"82":0,"84":0,"85":0,"86":0,"87":0,"88":0,"89":0,"90":0,"91":0,"92":0,"93":0,"94":0,"95":0,"97":0,"98":0,"99":0,"100":0,"101":0,"102":0,"103":0,"104":0,"105":0,"106":0,"107":0,"108":0,"109":0,"110":0,"111":0,"112":0,"113":0,"114":0,"117":0,"120":0,"121":0,"122":0,"123":0,"124":0,"125":0,"126":0,"128":0,"129":0,"130":0,"131":0,"132":0,"133":0,"134":0,"135":0,"137":0,"138":0,"139":0,"140":0,"141":0,"142":0,"143":0,"144":0,"146":0,"147":0,"148":0,"149":0,"150":0,"151":0,"152":0,"153":0,"156":0,"158":0,"159":0,"160":0,"161":0,"162":0,"163":0,"164":0,"167":0,"168":0,"169":0,"170":0,"171":0,"172":0,"173":0,"174":0,"175":0,"178":0,"179":0,"180":0,"181":0,"182":0,"183":0,"184":0,"185":0,"187":0,"188":0,"191":0,"192":0,"193":0,"194":0,"195":0,"196":0,"199":0,"201":0,"202":0,"203":0,"204":0,"206":0,"208":0,"209":0,"210":0,"211":0,"212":0,"213":0,"214":0,"215":0,"216":0,"217":0,"218":0,"219":0,"221":0,"222":0,"224":0,"225":0,"226":0,"227":0,"228":0,"229":0},"branchMap":{"0":{"type":"branch","line":1,"loc":{"start":{"line":1,"column":7513},"end":{"line":230,"column":1}},"locations":[{"start":{"line":1,"column":7513},"end":{"line":230,"column":1}}]}},"b":{"0":[0]},"fnMap":{"0":{"name":"(empty-report)","decl":{"start":{"line":1,"column":7513},"end":{"line":230,"column":1}},"loc":{"start":{"line":1,"column":7513},"end":{"line":230,"column":1}},"line":1}},"f":{"0":0}}
,"/home/vizionik/CodeRevAI/app/api/subscription/route.ts": {"path":"/home/vizionik/CodeRevAI/app/api/subscription/route.ts","all":true,"statementMap":{"0":{"start":{"line":1,"column":0},"end":{"line":1,"column":43}},"1":{"start":{"line":2,"column":0},"end":{"line":2,"column":44}},"2":{"start":{"line":3,"column":0},"end":{"line":3,"column":42}},"3":{"start":{"line":4,"column":0},"end":{"line":4,"column":44}},"4":{"start":{"line":5,"column":0},"end":{"line":5,"column":67}},"6":{"start":{"line":7,"column":0},"end":{"line":7,"column":41}},"7":{"start":{"line":8,"column":0},"end":{"line":8,"column":7}},"8":{"start":{"line":9,"column":0},"end":{"line":9,"column":36}},"10":{"start":{"line":11,"column":0},"end":{"line":11,"column":18}},"11":{"start":{"line":12,"column":0},"end":{"line":12,"column":76}},"12":{"start":{"line":13,"column":0},"end":{"line":13,"column":76}},"13":{"start":{"line":14,"column":0},"end":{"line":14,"column":5}},"15":{"start":{"line":16,"column":0},"end":{"line":16,"column":67}},"16":{"start":{"line":17,"column":0},"end":{"line":17,"column":24}},"17":{"start":{"line":18,"column":0},"end":{"line":18,"column":7}},"19":{"start":{"line":20,"column":0},"end":{"line":20,"column":24}},"20":{"start":{"line":21,"column":0},"end":{"line":21,"column":55}},"21":{"start":{"line":22,"column":0},"end":{"line":22,"column":5}},"23":{"start":{"line":24,"column":0},"end":{"line":24,"column":30}},"24":{"start":{"line":25,"column":0},"end":{"line":25,"column":21}},"25":{"start":{"line":26,"column":0},"end":{"line":26,"column":28}},"26":{"start":{"line":27,"column":0},"end":{"line":27,"column":36}},"27":{"start":{"line":28,"column":0},"end":{"line":28,"column":32}},"28":{"start":{"line":29,"column":0},"end":{"line":29,"column":67}},"29":{"start":{"line":30,"column":0},"end":{"line":30,"column":58}},"30":{"start":{"line":31,"column":0},"end":{"line":31,"column":8}},"31":{"start":{"line":32,"column":0},"end":{"line":32,"column":7}},"32":{"start":{"line":33,"column":0},"end":{"line":33,"column":28}},"33":{"start":{"line":34,"column":0},"end":{"line":34,"column":56}},"34":{"start":{"line":35,"column":0},"end":{"line":35,"column":66}},"35":{"start":{"line":36,"column":0},"end":{"line":36,"column":56}},"36":{"start":{"line":37,"column":0},"end":
[...]
{"line":33,"column":19}},"33":{"start":{"line":34,"column":0},"end":{"line":34,"column":1}},"40":{"start":{"line":41,"column":0},"end":{"line":41,"column":60}},"41":{"start":{"line":42,"column":0},"end":{"line":42,"column":24}},"43":{"start":{"line":44,"column":0},"end":{"line":44,"column":39}},"46":{"start":{"line":47,"column":0},"end":{"line":47,"column":23}},"47":{"start":{"line":48,"column":0},"end":{"line":48,"column":64}},"48":{"start":{"line":49,"column":0},"end":{"line":49,"column":64}},"49":{"start":{"line":50,"column":0},"end":{"line":50,"column":61}},"50":{"start":{"line":51,"column":0},"end":{"line":51,"column":60}},"51":{"start":{"line":52,"column":0},"end":{"line":52,"column":57}},"52":{"start":{"line":53,"column":0},"end":{"line":53,"column":26}},"53":{"start":{"line":54,"column":0},"end":{"line":54,"column":60}},"54":{"start":{"line":55,"column":0},"end":{"line":55,"column":26}},"55":{"start":{"line":56,"column":0},"end":{"line":56,"column":53}},"56":{"start":{"line":57,"column":0},"end":{"line":57,"column":27}},"58":{"start":{"line":59,"column":0},"end":{"line":59,"column":19}},"59":{"start":{"line":60,"column":0},"end":{"line":60,"column":1}},"64":{"start":{"line":65,"column":0},"end":{"line":65,"column":85}},"65":{"start":{"line":66,"column":0},"end":{"line":66,"column":42}},"66":{"start":{"line":67,"column":0},"end":{"line":67,"column":70}},"67":{"start":{"line":68,"column":0},"end":{"line":68,"column":3}},"69":{"start":{"line":70,"column":0},"end":{"line":70,"column":38}},"70":{"start":{"line":71,"column":0},"end":{"line":71,"column":95}},"71":{"start":{"line":72,"column":0},"end":{"line":72,"column":3}},"73":{"start":{"line":74,"column":0},"end":{"line":74,"column":25}},"74":{"start":{"line":75,"column":0},"end":{"line":75,"column":67}},"75":{"start":{"line":76,"column":0},"end":{"line":76,"column":3}},"77":{"start":{"line":78,"column":0},"end":{"line":78,"column":25}},"78":{"start":{"line":79,"column":0},"end":{"line":79,"column":1}},"83":{"start":{"line":84,"column":0},"end":{"line":84,"column":90}},"84":{"start":{"line":85,"column":0},"end":{"line":85,"column":16}},"85":{"start":{"line":86,"column":0},"end":{"line":86,"column":51}},"86":{"start":{"line":87,"column":0},"end":{"line":87,"column":3}},"88":{"start":{"line":89,"column":0},"end":{"line":89,"column":35}},"89":{"start":{"line":90,"column":0},"end":{"line":90,"column":62}},"90":{"start":{"line":91,"column":0},"end":{"line":91,"column":3}},"92":{"start":{"line":93,"column":0},"end":{"line":93,"column":52}},"93":{"start":{"line":94,"column":0},"end":{"line":94,"column":80}},"94":{"start":{"line":95,"column":0},"end":{"line":95,"column":3}},"96":{"start":{"line":97,"column":0},"end":{"line":97,"column":25}},"97":{"start":{"line":98,"column":0},"end":{"line":98,"column":1}},"102":{"start":{"line":103,"column":0},"end":{"line":103,"column":88}},"103":{"start":{"line":104,"column":0},"end":{"line":104,"column":50}},"104":{"start":{"line":105,"column":0},"end":{"line":105,"column":65}},"105":{"start":{"line":106,"column":0},"end":{"line":106,"column":3}},"108":{"start":{"line":109,"column":0},"end":{"line":109,"column":26}},"109":{"start":{"line":110,"column":0},"end":{"line":110,"column":71}},"110":{"start":{"line":111,"column":0},"end":{"line":111,"column":68}},"111":{"start":{"line":112,"column":0},"end":{"line":112,"column":67}},"112":{"start":{"line":113,"column":0},"end":{"line":113,"column":53}},"113":{"start":{"line":114,"column":0},"end":{"line":114,"column":4}},"115":{"start":{"line":116,"column":0},"end":{"line":116,"column":57}},"116":{"start":{"line":117,"column":0},"end":{"line":117,"column":71}},"117":{"start":{"line":118,"column":0},"end":{"line":118,"column":3}},"119":{"start":{"line":120,"column":0},"end":{"line":120,"column":25}},"120":{"start":{"line":121,"column":0},"end":{"line":121,"column":1}},"125":{"start":{"line":126,"column":0},"end":{"line":126,"column":85}},"126":{"start":{"line":127,"column":0},"end":{"line":127,"column":30}},"127":{"start":{"line":128,"column":0},"end":{"line":128,"column":68}},"128":{"start":{"line":129,"column":0},"end":{"line":129,"column":3}},"130":{"start":{"line":131,"column":0},"end":{"line":131,"column":22}},"131":{"start":{"line":132,"column":0},"end":{"line":132,"column":60}},"132":{"start":{"line":133,"column":0},"end":{"line":133,"column":59}},"133":{"start":{"line":134,"column":0},"end":{"line":134,"column":4}},"135":{"start":{"line":136,"column":0},"end":{"line":136,"column":29}},"136":{"start":{"line":137,"column":0},"end":{"line":137,"column":65}},"137":{"start":{"line":138,"column":0},"end":{"line":138,"column":69}},"138":{"start":{"line":139,"column":0},"end":{"line":139,"column":5}},"139":{"start":{"line":140,"column":0},"end":{"line":140,"column":3}},"141":{"start":{"line":142,"column":0},"end":{"line":142,"column":25}},"142":{"start":{"line":143,"column":0},"end":{"line":143,"column":77}},"143":{"start":{"line":144,"column":0},"end":{"line":144,"column":3}},"145":{"start":{"line":146,"column":0},"end":{"line":146,"column":25}},"146":{"start":{"line":147,"column":0},"end":{"line":147,"column":1}},"151":{"start":{"line":152,"column":0},"end":{"line":152,"column":60}},"152":{"start":{"line":153,"column":0},"end":{"line":153,"column":29}},"154":{"start":{"line":155,"column":0},"end":{"line":155,"column":13}},"155":{"start":{"line":156,"column":0},"end":{"line":156,"column":15}},"156":{"start":{"line":157,"column":0},"end":{"line":157,"column":20}},"157":{"start":{"line":158,"column":0},"end":{"line":158,"column":25}},"158":{"start":{"line":159,"column":0},"end":{"line":159,"column":26}},"161":{"start":{"line":162,"column":0},"end":{"line":162,"column":14}},"162":{"start":{"line":163,"column":0},"end":{"line":163,"column":14}},"163":{"start":{"line":164,"column":0},"end":{"line":164,"column":14}},"164":{"start":{"line":165,"column":0},"end":{"line":165,"column":14}},"165":{"start":{"line":166,"column":0},"end":{"line":166,"column":14}},"166":{"start":{"line":167,"column":0},"end":{"line":167,"column":14}},"169":{"start":{"line":170,"column":0},"end":{"line":170,"column":14}},"170":{"start":{"line":171,"column":0},"end":{"line":171,"column":18}},"171":{"start":{"line":172,"column":0},"end":{"line":172,"column":16}},"172":{"start":{"line":173,"column":0},"end":{"line":173,"column":19}},"173":{"start":{"line":174,"column":0},"end":{"line":174,"column":22}},"174":{"start":{"line":175,"column":0},"end":{"line":175,"column":23}},"177":{"start":{"line":178,"column":0},"end":{"line":178,"column":16}},"178":{"start":{"line":179,"column":0},"end":{"line":179,"column":17}},"179":{"start":{"line":180,"column":0},"end":{"line":180,"column":26}},"180":{"start":{"line":181,"column":0},"end":{"line":181,"column":15}},"181":{"start":{"line":182,"column":0},"end":{"line":182,"column":17}},"184":{"start":{"line":185,"column":0},"end":{"line":185,"column":13}},"185":{"start":{"line":186,"column":0},"end":{"line":186,"column":17}},"186":{"start":{"line":187,"column":0},"end":{"line":187,"column":18}},"189":{"start":{"line":190,"column":0},"end":{"line":190,"column":16}},"190":{"start":{"line":191,"column":0},"end":{"line":191,"column":23}},"191":{"start":{"line":192,"column":0},"end":{"line":192,"column":17}},"192":{"start":{"line":193,"column":0},"end":{"line":193,"column":15}},"193":{"start":{"line":194,"column":0},"end":{"line":194,"column":16}},"194":{"start":{"line":195,"column":0},"end":{"line":195,"column":17}},"195":{"start":{"line":196,"column":0},"end":{"line":196,"column":17}},"196":{"start":{"line":197,"column":0},"end":{"line":197,"column":4}},"198":{"start":{"line":199,"column":0},"end":{"line":199,"column":67}},"199":{"start":{"line":200,"column":0},"end":{"line":200,"column":1}},"204":{"start":{"line":205,"column":0},"end":{"line":205,"column":131}},"205":{"start":{"line":206,"column":0},"end":{"line":206,"column":59}},"206":{"start":{"line":207,"column":0},"end":{"line":207,"column":1}},"211":{"start":{"line":212,"column":0},"end":{"line":212,"column":113}},"212":{"start":{"line":213,"column":0},"end":{"line":213,"column":33}},"213":{"start":{"line":214,"column":0},"end":{"line":214,"column":84}},"214":{"start":{"line":215,"column":0},"end":{"line":215,"column":3}},"215":{"start":{"line":216,"column":0},"end":{"line":216,"column":25}},"216":{"start":{"line":217,"column":0},"end":{"line":217,"column":1}},"222":{"start":{"line":223,"column":0},"end":{"line":223,"column":82}},"223":{"start":{"line":224,"column":0},"end":{"line":224,"column":36}},"224":{"start":{"line":225,"column":0},"end":{"line":225,"column":1}}},"s":{"1":1,"5":1,"9":1,"16":1,"17":11,"19":10,"22":10,"25":10,"28":11,"29":1,"30":1,"32":10,"33":10,"40":1,"41":6,"43":5,"46":5,"47":5,"48":5,"49":5,"50":5,"51":5,"52":5,"53":5,"54":5,"55":5,"56":5,"58":5,"59":5,"64":1,"65":7,"66":3,"67":3,"69":7,"70":1,"71":1,"73":7,"74":1,"75":1,"77":2,"78":2,"83":1,"84":0,"85":0,"86":0,"88":0,"89":0,"90":0,"92":0,"93":0,"94":0,"96":0,"97":0,"102":1,"103":13,"104":3,"105":3,"108":10,"109":10,"110":10,"111":10,"112":10,"113":10,"115":13,"116":3,"117":3,"119":7,"120":7,"125":1,"126":11,"127":3,"128":3,"130":8,"131":8,"132":8,"133":8,"135":11,"136":22,"137":3,"138":3,"139":22,"141":11,"142":2,"143":2,"145":3,"146":3,"151":1,"152":0,"154":0,"155":0,"156":0,"157":0,"158":0,"161":0,"162":0,"163":0,"164":0,"165":0,"166":0,"169":0,"170":0,"171":0,"172":0,"173":0,"174":0,"177":0,"178":0,"179":0,"180":0,"181":0,"184":0,"185":0,"186":0,"189":0,"190":0,"191":0,"192":0,"193":0,"194":0,"195":0,"196":0,"198":0,"199":0,"204":1,"205":0,"206":0,"211":1,"212":0,"213":0,"214":0,"215":0,"216":0,"222":1,"223":0,"224":0},"branchMap":{"0":{"type":"branch","line":17,"loc":{"start":{"line":17,"column":7},"end":{"line":34,"column":1}},"locations":[{"start":{"line":17,"column":7},"end":{"line":34,"column":1}}]},"1":{"type":"branch","line":18,"loc":{"start":{"line":18,"column":14},"end":{"line":18,"column":24}},"locations":[{"start":{"line":18,"column":14},"end":{"line":18,"column":24}}]},"2":{"type":"branch","line":18,"loc":{"start":{"line":18,"column":21},"end":{"line":29,"column":52}},"locations":[{"start":{"line":18,"column":21},"end":{"line":29,"column":52}}]},"3":{"type":"branch","line":29,"loc":{"start":{"line":29,"column":52},"end":{"line":31,"column":3}},"locations":[{"start":{"line":29,"column":52},"end":{"line":31,"column":3}}]},"4":{"type":"branch","line":31,"loc":{"start":{"line":31,"column":2},"end":{"line":34,"column":1}},"locations":[{"start":{"line":31,"column":2},"end":{"line":34,"column":1}}]},"5":{"type":"branch","line":41,"loc":{"start":{"line":41,"column":7},"end":{"line":60,"column":1}},"locations":[{"start":{"line":41,"column":7},"end":{"line":60,"column":1}}]},"6":{"type":"branch","line":42,"loc":{"start":{"line":42,"column":14},"end":{"line":42,"column":24}},"locations":[{"start":{"line":42,"column":14},"end":{"line":42,"column":24}}]},"7":{"type":"branch","line":42,"loc":{"start":{"line":42,"column":21},"end":{"line":60,"column":1}},"locations":[{"start":{"line":42,"column":21},"end":{"line":60,"column":1}}]},"8":{"type":"branch","line":65,"loc":{"start":{"line":65,"column":7},"end":{"line":79,"column":1}},"locations":[{"start":{"line":65,"column":7},"end":{"line":79,"column":1}}]},"9":{"type":"branch","line":66,"loc":{"start":{"line":66,"column":7},"end":{"line":66,"column":41}},"locations":[{"start":{"line":66,"column":7},"end":{"line":66,"column":41}}]},"10":{"type":"branch","line":66,"loc":{"start":{"line":66,"column":41},"end":{"line":68,"column":3}},"locations":[{"start":{"line":66,"column":41},"end":{"line":68,"column":3}}]},"11":{"type":"branch","line":68,"loc":{"start":{"line":68,"column":2},"end":{"line":70,"column":37}},"locations":[{"start":{"line":68,"column":2},"end":{"line":70,"column":37}}]},"12":{"type":"branch","line":70,"loc":{"start":{"line":70,"column":37},"end":{"line":72,"column":3}},"locations":[{"start":{"line":70,"column":37},"end":{"line":72,"column":3}}]},"13":{"type":"branch","line":72,"loc":{"start":{"line":72,"column":2},"end":{"line":74,"column":24}},"locations":[{"start":{"line":72,"column":2},"end":{"line":74,"column":24}}]},"14":{"type":"branch","line":74,"loc":{"start":{"line":74,"column":24},"end":{"line":76,"column":3}},"locations":[{"start":{"line":74,"column":24},"end":{"line":76,"column":3}}]},"15":{"type":"branch","line":76,"loc":{"start":{"line":76,"column":2},"end":{"line":79,"column":1}},"locations":[{"start":{"line":76,"column":2},"end":{"line":79,"column":1}}]},"16":{"type":"branch","line":103,"loc":{"start":{"line":103,"column":7},"end":{"line":121,"column":1}},"locations":[{"start":{"line":103,"column":7},"end":{"line":121,"column":1}}]},"17":{"type":"branch","line":104,"loc":{"start":{"line":104,"column":7},"end":{"line":104,"column":49}},"locations":[{"start":{"line":104,"column":7},"end":{"line":104,"column":49}}]},"18":{"type":"branch","line":104,"loc":{"start":{"line":104,"column":49},"end":{"line":106,"column":3}},"locations":[{"start":{"line":104,"column":49},"end":{"line":106,"column":3}}]},"19":{"type":"branch","line":106,"loc":{"start":{"line":106,"column":2},"end":{"line":116,"column":56}},"locations":[{"start":{"line":106,"column":2},"end":{"line":116,"column":56}}]},"20":{"type":"branch","line":116,"loc":{"start":{"line":116,"column":56},"end":{"line":118,"column":3}},"locations":[{"start":{"line":116,"column":56},"end":{"line":118,"column":3}}]},"21":{"type":"branch","line":118,"loc":{"start":{"line":118,"column":2},"end":{"line":121,"column":1}},"locations":[{"start":{"line":118,"column":2},"end":{"line":121,"column":1}}]},"22":{"type":"branch","line":126,"loc":{"start":{"line":126,"column":7},"end":{"line":147,"column":1}},"locations":[{"start":{"line":126,"column":7},"end":{"line":147,"column":1}}]},"23":{"type":"branch","line":127,"loc":{"start":{"line":127,"column":29},"end":{"line":129,"column":3}},"locations":[{"start":{"line":127,"column":29},"end":{"line":129,"column":3}}]},"24":{"type":"branch","line":129,"loc":{"start":{"line":129,"column":2},"end":{"line":136,"column":28}},"locations":[{"start":{"line":129,"column":2},"end":{"line":136,"column":28}}]},"25":{"type":"branch","line":136,"loc":{"start":{"line":136,"column":28},"end":{"line":140,"column":3}},"locations":[{"start":{"line":136,"column":28},"end":{"line":140,"column":3}}]},"26":{"type":"branch","line":137,"loc":{"start":{"line":137,"column":64},"end":{"line":139,"column":5}},"locations":[{"start":{"line":137,"column":64},"end":{"line":139,"column":5}}]},"27":{"type":"branch","line":140,"loc":{"start":{"line":140,"column":2},"end":{"line":142,"column":24}},"locations":[{"start":{"line":140,"column":2},"end":{"line":142,"column":24}}]},"28":{"type":"branch","line":142,"loc":{"start":{"line":142,"column":24},"end":{"line":144,"column":3}},"locations":[{"start":{"line":142,"column":24},"end":{"line":144,"column":3}}]},"29":{"type":"branch","line":144,"loc":{"start":{"line":144,"column":2},"end":{"line":147,"column":1}},"locations":[{"start":{"line":144,"column":2},"end":{"line":147,"column":1}}]}},"b":{"0":[11],"1":[1],"2":[10],"3":[1],"4":[10],"5":[6],"6":[1],"7":[5],"8":[7],"9":[4],"10":[3],"11":[4],"12":[1],"13":[3],"14":[1],"15":[2],"16":[13],"17":[10],"18":[3],"19":[10],"20":[3],"21":[7],"22":[11],"23":[3],"24":[8],"25":[22],"26":[3],"27":[5],"28":[2],"29":[3]},"fnMap":{"0":{"name":"sanitizeInput","decl":{"start":{"line":17,"column":7},"end":{"line":34,"column":1}},"loc":{"start":{"line":17,"column":7},"end":{"line":34,"column":1}},"line":17},"1":{"name":"sanitizeForAIPrompt","decl":{"start":{"line":41,"column":7},"end":{"line":60,"column":1}},"loc":{"start":{"line":41,"column":7},"end":{"line":60,"column":1}},"line":41},"2":{"name":"validateCodeInput","decl":{"start":{"line":65,"column":7},"end":{"line":79,"column":1}},"loc":{"start":{"line":65,"column":7},"end":{"line":79,"column":1}},"line":65},"3":{"name":"validateCustomPrompt","decl":{"start":{"line":84,"column":7},"end":{"line":98,"column":1}},"loc":{"start":{"line":84,"column":7},"end":{"line":98,"column":1}},"line":84},"4":{"name":"validateLanguage","decl":{"start":{"line":103,"column":7},"end":{"line":121,"column":1}},"loc":{"start":{"line":103,"column":7},"end":{"line":121,"column":1}},"line":103},"5":{"name":"validateReviewModes","decl":{"start":{"line":126,"column":7},"end":{"line":147,"column":1}},"loc":{"start":{"line":126,"column":7},"end":{"line":147,"column":1}},"line":126},"6":{"name":"isSensitiveFile","decl":{"start":{"line":152,"column":7},"end":{"line":200,"column":1}},"loc":{"start":{"line":152,"column":7},"end":{"line":200,"column":1}},"line":152},"7":{"name":"filterSensitiveFiles","decl":{"start":{"line":205,"column":7},"end":{"line":207,"column":1}},"loc":{"start":{"line":205,"column":7},"end":{"line":207,"column":1}},"line":205},"8":{"name":"validateFileSize","decl":{"start":{"line":212,"column":7},"end":{"line":217,"column":1}},"loc":{"start":{"line":212,"column":7},"end":{"line":217,"column":1}},"line":212},"9":{"name":"validateRepoUrl","decl":{"start":{"line":223,"column":7},"end":{"line":225,"column":1}},"loc":{"start":{"line":223,"column":7},"end":{"line":225,"column":1}},"line":223}},"f":{"0":11,"1":6,"2":7,"3":0,"4":13,"5":11,"6":0,"7":0,"8":0,"9":0}}
,"/home/vizionik/CodeRevAI/app/utils/stripeUtils.ts": {"path":"/home/vizionik/CodeRevAI/app/utils/stripeUtils.ts","all":true,"statementMap":{"7":{"start":{"line":8,"column":0},"end":{"line":8,"column":34}},"9":{"start":{"line":10,"column":0},"end":{"line":10,"column":73}},"10":{"start":{"line":11,"column":0},"end":{"line":11,"column":7}},"12":{"start":{"line":13,"column":0},"end":{"line":13,"column":66}},"13":{"start":{"line":14,"column":0},"end":{"line":14,"column":21}},"14":{"start":{"line":15,"column":0},"end":{"line":15,"column":16}},"15":{"start":{"line":16,"column":0},"end":{"line":16,"column":43}},"16":{"start":{"line":17,"column":0},"end":{"line":17,"column":8}},"17":{"start":{"line":18,"column":0},"end":{"line":18,"column":28}},"18":{"start":{"line":19,"column":0},"end":{"line":19,"column":16}},"19":{"start":{"line":20,"column":0},"end":{"line":20,"column":13}},"20":{"start":{"line":21,"column":0},"end":{"line":21,"column":9}},"21":{"start":{"line":22,"column":0},"end":{"line":22,"column":7}},"23":{"start":{"line":24,"column":0},"end":{"line":24,"column":23}},"24":{"start":{"line":25,"column":0},"end":{"line":25,"column":42}},"25":{"start":{"line":26,"column":0},"end":{"line":26,"column":74}},"26":{"start":{"line":27,"column":0},"end":{"line":27,"column":5}},"28":{"start":{"line":29,"column":0},"end":{"line":29,"column":42}},"32":{"start":{"line":33,"column":0},"end":{"line":33,"column":14}},"33":{"start":{"line":34,"column":0},"end":{"line":34,"column":33}},"34":{"start":{"line":35,"column":0},"end":{"line":35,"column":12}},"35":{"start":{"line":36,"column":0},"end":{"line":36,"column":62}},"36":{"start":{"line":37,"column":0},"end":{"line":37,"column":5}},"37":{"start":{"line":38,"column":0},"end":{"line":38,"column":28}},"38":{"start":{"line":39,"column":0},"end":{"line":39,"column":112}},"39":{"start":{"line":40,"column":0},"end":{"line":40,"column":58}},"40":{"start":{"line":41,"column":0},"end":{"line":41,"column":24}},"41":{"start":{"line":42,"column":0},"end":{"line":42,"column":3}},"42":{"start":{"line":43,"column":0},"end":{"line":43,"column":1}}},"s":{"7":0,"9":0,"10":0,"12":0,"13":0,"14":0,"15":0,"16":0,"17":0,"18":0,"19":0,"20":0,"21":0,"23":0,"24":0,"25":0,"26":0,"28":0,"32":0,"33":0,"34":0,"35":0,"36":0,"37":0,"38":0,"39":0,"40":0,"41":0,"42":0},"branchMap":{"0":{"type":"branch","line":1,"loc":{"start":{"line":1,"column":1427},"end":{"line":43,"column":1}},"locations":[{"start":{"line":1,"column":1427},"end":{"line":43,"column":1}}]}},"b":{"0":[1]},"fnMap":{"0":{"name":"(empty-report)","decl":{"start":{"line":1,"column":1427},"end":{"line":43,"column":1}},"loc":{"start":{"line":1,"column":1427},"end":{"line":43,"column":1}},"line":1}},"f":{"0":1}}
}
